This file contains any messages produced by compilers while
running configure, to aid debugging if configure makes a mistake.

It was created by NCL configure 2.0.02, which was
generated by GNU Autoconf 2.61.  Invocation command line was

  $ ./configure --prefix=/Users/bchisham --cache-file=/dev/null --srcdir=.

## --------- ##
## Platform. ##
## --------- ##

hostname = dhcp12.cs.nmsu.edu
uname -m = i386
uname -r = 9.8.0
uname -s = Darwin
uname -v = Darwin Kernel Version 9.8.0: Wed Jul 15 16:55:01 PDT 2009; root:xnu-1228.15.4~1/RELEASE_I386

/usr/bin/uname -p = i386
/bin/uname -X     = unknown

/bin/arch              = unknown
/usr/bin/arch -k       = unknown
/usr/convex/getsysinfo = unknown
/usr/bin/hostinfo      = Mach kernel version:
	 Darwin Kernel Version 9.8.0: Wed Jul 15 16:55:01 PDT 2009; root:xnu-1228.15.4~1/RELEASE_I386
Kernel configured for up to 2 processors.
2 processors are physically available.
2 processors are logically available.
Processor type: i486 (Intel 80486)
Processors active: 0 1
Primary memory available: 4.00 gigabytes
Default processor set: 82 tasks, 351 threads, 2 processors
Load average: 1.42, Mach factor: 0.86
/bin/machine           = unknown
/usr/bin/oslevel       = unknown
/bin/universe          = unknown

PATH: /usr/local/mysql/bin
PATH: /opt/local/bin
PATH: /opt/local/sbin
PATH: /usr/bin
PATH: /bin
PATH: /usr/sbin
PATH: /sbin
PATH: /usr/local/bin
PATH: /usr/texbin
PATH: /usr/X11/bin


## ----------- ##
## Core tests. ##
## ----------- ##

configure:1996: checking for a BSD-compatible install
configure:2052: result: /usr/bin/install -c
configure:2063: checking whether build environment is sane
configure:2106: result: yes
configure:2171: checking for gawk
configure:2187: found /opt/local/bin/gawk
configure:2198: result: gawk
configure:2209: checking whether make sets $(MAKE)
configure:2230: result: yes
configure:2409: checking how to create a ustar tar archive
configure:2422: tar --version
tar (GNU tar) 1.15.1
configure:2425: $? = 0
configure:2465: tardir=conftest.dir && eval tar --format=ustar -chf - "$tardir" >conftest.tar
configure:2468: $? = 0
configure:2472: tar -xf - <conftest.tar
configure:2475: $? = 0
configure:2488: result: gnutar
configure:2499: checking whether ln -s works
configure:2503: result: yes
configure:2523: checking for a BSD-compatible install
configure:2579: result: /usr/bin/install -c
configure:2657: checking for g++
configure:2673: found /usr/bin/g++
configure:2684: result: g++
configure:2715: checking for C++ compiler version
configure:2722: g++ --version >&5
i686-apple-darwin9-g++-4.0.1 (GCC) 4.0.1 (Apple Inc. build 5493)
Copyright (C) 2005 Free Software Foundation, Inc.
This is free software; see the source for copying conditions.  There is NO
warranty; not even for MERCHANTABILITY or FITNESS FOR A PARTICULAR PURPOSE.

configure:2725: $? = 0
configure:2732: g++ -v >&5
Using built-in specs.
Target: i686-apple-darwin9
Configured with: /var/tmp/gcc/gcc-5493~1/src/configure --disable-checking -enable-werror --prefix=/usr --mandir=/share/man --enable-languages=c,objc,c++,obj-c++ --program-transform-name=/^[cg][^.-]*$/s/$/-4.0/ --with-gxx-include-dir=/include/c++/4.0.0 --with-slibdir=/usr/lib --build=i686-apple-darwin9 --with-arch=apple --with-tune=generic --host=i686-apple-darwin9 --target=i686-apple-darwin9
Thread model: posix
gcc version 4.0.1 (Apple Inc. build 5493)
configure:2735: $? = 0
configure:2742: g++ -V >&5
g++-4.0: argument to `-V' is missing
configure:2745: $? = 1
configure:2768: checking for C++ compiler default output file name
configure:2795: g++    conftest.cpp  >&5
configure:2798: $? = 0
configure:2836: result: a.out
configure:2853: checking whether the C++ compiler works
configure:2863: ./a.out
configure:2866: $? = 0
configure:2883: result: yes
configure:2890: checking whether we are cross compiling
configure:2892: result: no
configure:2895: checking for suffix of executables
configure:2902: g++ -o conftest    conftest.cpp  >&5
configure:2905: $? = 0
configure:2929: result: 
configure:2935: checking for suffix of object files
configure:2961: g++ -c   conftest.cpp >&5
configure:2964: $? = 0
configure:2987: result: o
configure:2991: checking whether we are using the GNU C++ compiler
configure:3020: g++ -c   conftest.cpp >&5
configure:3026: $? = 0
configure:3043: result: yes
configure:3048: checking whether g++ accepts -g
configure:3078: g++ -c -g  conftest.cpp >&5
configure:3084: $? = 0
configure:3183: result: yes
configure:3217: checking for style of include used by make
configure:3245: result: GNU
configure:3273: checking dependency style of g++
configure:3363: result: gcc3
configure:3423: checking for ranlib
configure:3439: found /usr/bin/ranlib
configure:3450: result: ranlib
configure:3554: checking build system type
configure:3572: result: i686-apple-darwin9.8.0
configure:3594: checking host system type
configure:3609: result: i686-apple-darwin9.8.0
configure:3679: checking for gcc
configure:3695: found /usr/bin/gcc
configure:3706: result: gcc
configure:3944: checking for C compiler version
configure:3951: gcc --version >&5
i686-apple-darwin9-gcc-4.0.1 (GCC) 4.0.1 (Apple Inc. build 5493)
Copyright (C) 2005 Free Software Foundation, Inc.
This is free software; see the source for copying conditions.  There is NO
warranty; not even for MERCHANTABILITY or FITNESS FOR A PARTICULAR PURPOSE.

configure:3954: $? = 0
configure:3961: gcc -v >&5
Using built-in specs.
Target: i686-apple-darwin9
Configured with: /var/tmp/gcc/gcc-5493~1/src/configure --disable-checking -enable-werror --prefix=/usr --mandir=/share/man --enable-languages=c,objc,c++,obj-c++ --program-transform-name=/^[cg][^.-]*$/s/$/-4.0/ --with-gxx-include-dir=/include/c++/4.0.0 --with-slibdir=/usr/lib --build=i686-apple-darwin9 --with-arch=apple --with-tune=generic --host=i686-apple-darwin9 --target=i686-apple-darwin9
Thread model: posix
gcc version 4.0.1 (Apple Inc. build 5493)
configure:3964: $? = 0
configure:3971: gcc -V >&5
gcc-4.0: argument to `-V' is missing
configure:3974: $? = 1
configure:3977: checking whether we are using the GNU C compiler
configure:4006: gcc -c   conftest.c >&5
configure:4012: $? = 0
configure:4029: result: yes
configure:4034: checking whether gcc accepts -g
configure:4064: gcc -c -g  conftest.c >&5
configure:4070: $? = 0
configure:4169: result: yes
configure:4186: checking for gcc option to accept ISO C89
configure:4260: gcc  -c -g -O2  conftest.c >&5
configure:4266: $? = 0
configure:4289: result: none needed
configure:4309: checking dependency style of gcc
configure:4399: result: gcc3
configure:4416: checking for a sed that does not truncate output
configure:4470: result: /opt/local/bin/gsed
configure:4473: checking for grep that handles long lines and -e
configure:4547: result: /usr/bin/grep
configure:4552: checking for egrep
configure:4630: result: /usr/bin/grep -E
configure:4646: checking for ld used by gcc
configure:4713: result: /usr/libexec/gcc/i686-apple-darwin9/4.0.1/ld
configure:4722: checking if the linker (/usr/libexec/gcc/i686-apple-darwin9/4.0.1/ld) is GNU ld
configure:4737: result: no
configure:4742: checking for /usr/libexec/gcc/i686-apple-darwin9/4.0.1/ld option to reload object files
configure:4749: result: -r
configure:4767: checking for BSD-compatible nm
configure:4809: result: /usr/bin/nm -p
configure:4813: checking how to recognise dependent libraries
configure:4985: result: pass_all
configure:5196: checking how to run the C preprocessor
configure:5236: gcc -E  conftest.c
configure:5242: $? = 0
configure:5273: gcc -E  conftest.c
conftest.c:10:28: error: ac_nonexistent.h: No such file or directory
configure:5279: $? = 1
configure: failed program was:
| /* confdefs.h.  */
| #define PACKAGE_NAME "NCL"
| #define PACKAGE_TARNAME "ncl"
| #define PACKAGE_VERSION "2.0.02"
| #define PACKAGE_STRING "NCL 2.0.02"
| #define PACKAGE_BUGREPORT "paul.lewis@uconn.edu"
| #define PACKAGE "ncl"
| #define VERSION "2.0.02"
| /* end confdefs.h.  */
| #include <ac_nonexistent.h>
configure:5312: result: gcc -E
configure:5341: gcc -E  conftest.c
configure:5347: $? = 0
configure:5378: gcc -E  conftest.c
conftest.c:10:28: error: ac_nonexistent.h: No such file or directory
configure:5384: $? = 1
configure: failed program was:
| /* confdefs.h.  */
| #define PACKAGE_NAME "NCL"
| #define PACKAGE_TARNAME "ncl"
| #define PACKAGE_VERSION "2.0.02"
| #define PACKAGE_STRING "NCL 2.0.02"
| #define PACKAGE_BUGREPORT "paul.lewis@uconn.edu"
| #define PACKAGE "ncl"
| #define VERSION "2.0.02"
| /* end confdefs.h.  */
| #include <ac_nonexistent.h>
configure:5422: checking for ANSI C header files
configure:5452: gcc -c -g -O2  conftest.c >&5
configure:5458: $? = 0
configure:5557: gcc -o conftest -g -O2   conftest.c  >&5
configure:5560: $? = 0
configure:5566: ./conftest
configure:5569: $? = 0
configure:5586: result: yes
configure:5610: checking for sys/types.h
configure:5631: gcc -c -g -O2  conftest.c >&5
configure:5637: $? = 0
configure:5653: result: yes
configure:5610: checking for sys/stat.h
configure:5631: gcc -c -g -O2  conftest.c >&5
configure:5637: $? = 0
configure:5653: result: yes
configure:5610: checking for stdlib.h
configure:5631: gcc -c -g -O2  conftest.c >&5
configure:5637: $? = 0
configure:5653: result: yes
configure:5610: checking for string.h
configure:5631: gcc -c -g -O2  conftest.c >&5
configure:5637: $? = 0
configure:5653: result: yes
configure:5610: checking for memory.h
configure:5631: gcc -c -g -O2  conftest.c >&5
configure:5637: $? = 0
configure:5653: result: yes
configure:5610: checking for strings.h
configure:5631: gcc -c -g -O2  conftest.c >&5
configure:5637: $? = 0
configure:5653: result: yes
configure:5610: checking for inttypes.h
configure:5631: gcc -c -g -O2  conftest.c >&5
configure:5637: $? = 0
configure:5653: result: yes
configure:5610: checking for stdint.h
configure:5631: gcc -c -g -O2  conftest.c >&5
configure:5637: $? = 0
configure:5653: result: yes
configure:5610: checking for unistd.h
configure:5631: gcc -c -g -O2  conftest.c >&5
configure:5637: $? = 0
configure:5653: result: yes
configure:5680: checking dlfcn.h usability
configure:5697: gcc -c -g -O2  conftest.c >&5
configure:5703: $? = 0
configure:5717: result: yes
configure:5721: checking dlfcn.h presence
configure:5736: gcc -E  conftest.c
configure:5742: $? = 0
configure:5756: result: yes
configure:5789: checking for dlfcn.h
configure:5797: result: yes
configure:5820: checking how to run the C++ preprocessor
configure:5856: g++ -E  conftest.cpp
configure:5862: $? = 0
configure:5893: g++ -E  conftest.cpp
conftest.cpp:21:28: error: ac_nonexistent.h: No such file or directory
configure:5899: $? = 1
configure: failed program was:
| /* confdefs.h.  */
| #define PACKAGE_NAME "NCL"
| #define PACKAGE_TARNAME "ncl"
| #define PACKAGE_VERSION "2.0.02"
| #define PACKAGE_STRING "NCL 2.0.02"
| #define PACKAGE_BUGREPORT "paul.lewis@uconn.edu"
| #define PACKAGE "ncl"
| #define VERSION "2.0.02"
| #define STDC_HEADERS 1
| #define HAVE_SYS_TYPES_H 1
| #define HAVE_SYS_STAT_H 1
| #define HAVE_STDLIB_H 1
| #define HAVE_STRING_H 1
| #define HAVE_MEMORY_H 1
| #define HAVE_STRINGS_H 1
| #define HAVE_INTTYPES_H 1
| #define HAVE_STDINT_H 1
| #define HAVE_UNISTD_H 1
| #define HAVE_DLFCN_H 1
| /* end confdefs.h.  */
| #include <ac_nonexistent.h>
configure:5932: result: g++ -E
configure:5961: g++ -E  conftest.cpp
configure:5967: $? = 0
configure:5998: g++ -E  conftest.cpp
conftest.cpp:21:28: error: ac_nonexistent.h: No such file or directory
configure:6004: $? = 1
configure: failed program was:
| /* confdefs.h.  */
| #define PACKAGE_NAME "NCL"
| #define PACKAGE_TARNAME "ncl"
| #define PACKAGE_VERSION "2.0.02"
| #define PACKAGE_STRING "NCL 2.0.02"
| #define PACKAGE_BUGREPORT "paul.lewis@uconn.edu"
| #define PACKAGE "ncl"
| #define VERSION "2.0.02"
| #define STDC_HEADERS 1
| #define HAVE_SYS_TYPES_H 1
| #define HAVE_SYS_STAT_H 1
| #define HAVE_STDLIB_H 1
| #define HAVE_STRING_H 1
| #define HAVE_MEMORY_H 1
| #define HAVE_STRINGS_H 1
| #define HAVE_INTTYPES_H 1
| #define HAVE_STDINT_H 1
| #define HAVE_UNISTD_H 1
| #define HAVE_DLFCN_H 1
| /* end confdefs.h.  */
| #include <ac_nonexistent.h>
configure:6097: checking for g77
configure:6127: result: no
configure:6097: checking for xlf
configure:6127: result: no
configure:6097: checking for f77
configure:6127: result: no
configure:6097: checking for frt
configure:6127: result: no
configure:6097: checking for pgf77
configure:6127: result: no
configure:6097: checking for cf77
configure:6127: result: no
configure:6097: checking for fort77
configure:6127: result: no
configure:6097: checking for fl32
configure:6127: result: no
configure:6097: checking for af77
configure:6127: result: no
configure:6097: checking for xlf90
configure:6127: result: no
configure:6097: checking for f90
configure:6127: result: no
configure:6097: checking for pgf90
configure:6127: result: no
configure:6097: checking for pghpf
configure:6127: result: no
configure:6097: checking for epcf90
configure:6127: result: no
configure:6097: checking for gfortran
configure:6127: result: no
configure:6097: checking for g95
configure:6127: result: no
configure:6097: checking for xlf95
configure:6127: result: no
configure:6097: checking for f95
configure:6127: result: no
configure:6097: checking for fort
configure:6127: result: no
configure:6097: checking for ifort
configure:6127: result: no
configure:6097: checking for ifc
configure:6127: result: no
configure:6097: checking for efc
configure:6127: result: no
configure:6097: checking for pgf95
configure:6127: result: no
configure:6097: checking for lf95
configure:6127: result: no
configure:6097: checking for ftn
configure:6127: result: no
configure:6154: checking for Fortran 77 compiler version
configure:6161:  --version >&5
./configure: line 6162: --version: command not found
configure:6164: $? = 127
configure:6171:  -v >&5
./configure: line 6172: -v: command not found
configure:6174: $? = 127
configure:6181:  -V >&5
./configure: line 6182: -V: command not found
configure:6184: $? = 127
configure:6192: checking whether we are using the GNU Fortran 77 compiler
configure:6211:  -c  conftest.F >&5
./configure: line 6212: -c: command not found
configure:6217: $? = 127
configure: failed program was:
|       program main
| #ifndef __GNUC__
|        choke me
| #endif
| 
|       end
configure:6234: result: no
configure:6240: checking whether  accepts -g
configure:6257:  -c -g conftest.f >&5
./configure: line 6258: -c: command not found
configure:6263: $? = 127
configure: failed program was:
|       program main
| 
|       end
configure:6279: result: no
configure:6309: checking the maximum length of command line arguments
configure:6401: result: 196608
configure:6412: checking command to parse /usr/bin/nm -p output from gcc object
configure:6508: gcc -c -g -O2  conftest.c >&5
configure:6511: $? = 0
configure:6515: /usr/bin/nm -p conftest.o \| sed -n -e 's/^.*[ 	]\([BCDEGRST][BCDEGRST]*\)[ 	][ 	]*\([_A-Za-z][_A-Za-z0-9]*\)$/\1 \2 \2/p' \> conftest.nm
configure:6518: $? = 0
cannot find nm_test_var in conftest.nm
configure:6508: gcc -c -g -O2  conftest.c >&5
configure:6511: $? = 0
configure:6515: /usr/bin/nm -p conftest.o \| sed -n -e 's/^.*[ 	]\([BCDEGRST][BCDEGRST]*\)[ 	][ 	]*_\([_A-Za-z][_A-Za-z0-9]*\)$/\1 _\2 \2/p' \> conftest.nm
configure:6518: $? = 0
configure:6570: gcc -o conftest -g -O2   conftest.c conftstm.o >&5
configure:6573: $? = 0
configure:6611: result: ok
configure:6615: checking for objdir
configure:6630: result: .libs
configure:6722: checking for ar
configure:6738: found /usr/bin/ar
configure:6749: result: ar
configure:6818: checking for ranlib
configure:6845: result: ranlib
configure:6914: checking for strip
configure:6930: found /usr/bin/strip
configure:6941: result: strip
configure:7242: checking if gcc static flag  works
configure:7270: result: yes
configure:7292: checking if gcc supports -fno-rtti -fno-exceptions
configure:7310: gcc -c -g -O2  -fno-rtti -fno-exceptions conftest.c >&5
cc1: warning: command line option "-fno-rtti" is valid for C++/ObjC++ but not for C
configure:7314: $? = 0
configure:7327: result: no
configure:7342: checking for gcc option to produce PIC
configure:7546: result: -fno-common
configure:7554: checking if gcc PIC flag -fno-common works
configure:7572: gcc -c -g -O2  -fno-common -DPIC conftest.c >&5
configure:7576: $? = 0
configure:7589: result: yes
configure:7613: checking if gcc supports -c -o file.o
configure:7634: gcc -c -g -O2  -o out/conftest2.o conftest.c >&5
configure:7638: $? = 0
configure:7660: result: yes
configure:7686: checking whether the gcc linker (/usr/libexec/gcc/i686-apple-darwin9/4.0.1/ld) supports shared libraries
configure:8577: result: yes
configure:8648: checking dynamic linker characteristics
configure:9211: result: darwin9.8.0 dyld
configure:9215: checking how to hardcode library paths into programs
configure:9240: result: immediate
configure:9254: checking whether stripping libraries is possible
configure:9267: result: yes
configure:10056: checking if libtool supports shared libraries
configure:10058: result: yes
configure:10061: checking whether to build shared libraries
configure:10082: result: yes
configure:10085: checking whether to build static libraries
configure:10089: result: yes
configure:10181: creating libtool
configure:10759: checking for ld used by g++
configure:10826: result: /usr/libexec/gcc/i686-apple-darwin9/4.0.1/ld
configure:10835: checking if the linker (/usr/libexec/gcc/i686-apple-darwin9/4.0.1/ld) is GNU ld
configure:10850: result: no
configure:10901: checking whether the g++ linker (/usr/libexec/gcc/i686-apple-darwin9/4.0.1/ld) supports shared libraries
configure:11784: result: yes
configure:11806: g++ -c -g -O2  conftest.cc >&5
configure:11809: $? = 0
configure:11905: checking for g++ option to produce PIC
configure:12173: result: -fno-common
configure:12181: checking if g++ PIC flag -fno-common works
configure:12199: g++ -c -g -O2  -fno-common -DPIC conftest.cc >&5
configure:12203: $? = 0
configure:12216: result: yes
configure:12240: checking if g++ supports -c -o file.o
configure:12261: g++ -c -g -O2  -o out/conftest2.o conftest.cc >&5
configure:12265: $? = 0
configure:12287: result: yes
configure:12313: checking whether the g++ linker (/usr/libexec/gcc/i686-apple-darwin9/4.0.1/ld) supports shared libraries
configure:12338: result: yes
configure:12409: checking dynamic linker characteristics
configure:12972: result: darwin9.8.0 dyld
configure:12976: checking how to hardcode library paths into programs
configure:13001: result: immediate
configure:13015: checking whether stripping libraries is possible
configure:13028: result: yes
configure:20564: checking for ANSI C header files
configure:20728: result: yes
configure:20754: checking float.h usability
configure:20771: gcc -c -g -O2  conftest.c >&5
configure:20777: $? = 0
configure:20791: result: yes
configure:20795: checking float.h presence
configure:20810: gcc -E  conftest.c
configure:20816: $? = 0
configure:20830: result: yes
configure:20863: checking for float.h
configure:20871: result: yes
configure:20744: checking for stdlib.h
configure:20750: result: yes
configure:20886: checking for stdbool.h that conforms to C99
configure:20979: gcc -c -g -O2  conftest.c >&5
configure:20985: $? = 0
configure:21000: result: yes
configure:21002: checking for _Bool
configure:21032: gcc -c -g -O2  conftest.c >&5
configure:21038: $? = 0
configure:21053: result: yes
configure:21072: checking for an ANSI C-conforming const
configure:21147: gcc -c -g -O2  conftest.c >&5
configure:21153: $? = 0
configure:21168: result: yes
configure:21178: checking for inline
configure:21204: gcc -c -g -O2  conftest.c >&5
configure:21210: $? = 0
configure:21228: result: inline
configure:21247: checking whether struct tm is in sys/time.h or time.h
configure:21277: gcc -c -g -O2  conftest.c >&5
configure:21283: $? = 0
configure:21298: result: time.h
configure:21310: checking whether time.h and sys/time.h may both be included
configure:21340: gcc -c -g -O2  conftest.c >&5
configure:21346: $? = 0
configure:21361: result: yes
configure:21389: checking sys/time.h usability
configure:21406: gcc -c -g -O2  conftest.c >&5
configure:21412: $? = 0
configure:21426: result: yes
configure:21430: checking sys/time.h presence
configure:21445: gcc -E  conftest.c
configure:21451: $? = 0
configure:21465: result: yes
configure:21498: checking for sys/time.h
configure:21506: result: yes
configure:21379: checking for unistd.h
configure:21385: result: yes
configure:21530: checking for alarm
configure:21586: gcc -o conftest -g -O2   conftest.c  >&5
configure:21592: $? = 0
configure:21610: result: yes
configure:21636: checking for working mktime
configure:21845: gcc -o conftest -g -O2   conftest.c  >&5
configure:21848: $? = 0
configure:21854: ./conftest
configure:21857: $? = 0
configure:21873: result: yes
configure:21884: checking for working strtod
configure:21935: gcc -o conftest -g -O2   conftest.c  >&5
configure:21938: $? = 0
configure:21944: ./conftest
configure:21947: $? = 0
configure:21963: result: yes
configure:22133: checking for memmove
configure:22189: gcc -o conftest -g -O2   conftest.c  >&5
conftest.c:53: warning: conflicting types for built-in function 'memmove'
configure:22195: $? = 0
configure:22213: result: yes
configure:22133: checking for strchr
configure:22189: gcc -o conftest -g -O2   conftest.c  >&5
conftest.c:54: warning: conflicting types for built-in function 'strchr'
configure:22195: $? = 0
configure:22213: result: yes
configure:22133: checking for strtol
configure:22189: gcc -o conftest -g -O2   conftest.c  >&5
configure:22195: $? = 0
configure:22213: result: yes
configure:22224: checking whether make sets $(MAKE)
configure:22245: result: yes
configure:22378: creating ./config.status

## ---------------------- ##
## Running config.status. ##
## ---------------------- ##

This file was extended by NCL config.status 2.0.02, which was
generated by GNU Autoconf 2.61.  Invocation command line was

  CONFIG_FILES    = 
  CONFIG_HEADERS  = 
  CONFIG_LINKS    = 
  CONFIG_COMMANDS = 
  $ ./config.status 

on dhcp12.cs.nmsu.edu

config.status:666: creating Makefile
config.status:801: WARNING:  Makefile.in seems to ignore the --datarootdir setting
config.status:666: creating example/Makefile
config.status:801: WARNING:  example/Makefile.in seems to ignore the --datarootdir setting
config.status:666: creating example/ncltest/Makefile
config.status:801: WARNING:  example/ncltest/Makefile.in seems to ignore the --datarootdir setting
config.status:666: creating example/nclsimplest/Makefile
config.status:801: WARNING:  example/nclsimplest/Makefile.in seems to ignore the --datarootdir setting
config.status:666: creating example/basiccmdline/Makefile
config.status:801: WARNING:  example/basiccmdline/Makefile.in seems to ignore the --datarootdir setting
config.status:666: creating example/normalizer/Makefile
config.status:801: WARNING:  example/normalizer/Makefile.in seems to ignore the --datarootdir setting
config.status:666: creating ncl/Makefile
config.status:801: WARNING:  ncl/Makefile.in seems to ignore the --datarootdir setting
config.status:666: creating config.h
config.status:899: config.h is unchanged
config.status:945: executing depfiles commands

## ---------------- ##
## Cache variables. ##
## ---------------- ##

ac_cv_build=i686-apple-darwin9.8.0
ac_cv_c_compiler_gnu=yes
ac_cv_c_const=yes
ac_cv_c_inline=inline
ac_cv_cxx_compiler_gnu=yes
ac_cv_env_CCC_set=
ac_cv_env_CCC_value=
ac_cv_env_CC_set=
ac_cv_env_CC_value=
ac_cv_env_CFLAGS_set=
ac_cv_env_CFLAGS_value=
ac_cv_env_CPPFLAGS_set=
ac_cv_env_CPPFLAGS_value=
ac_cv_env_CPP_set=
ac_cv_env_CPP_value=
ac_cv_env_CXXCPP_set=
ac_cv_env_CXXCPP_value=
ac_cv_env_CXXFLAGS_set=
ac_cv_env_CXXFLAGS_value=
ac_cv_env_CXX_set=
ac_cv_env_CXX_value=
ac_cv_env_F77_set=
ac_cv_env_F77_value=
ac_cv_env_FFLAGS_set=
ac_cv_env_FFLAGS_value=
ac_cv_env_LDFLAGS_set=
ac_cv_env_LDFLAGS_value=
ac_cv_env_LIBS_set=
ac_cv_env_LIBS_value=
ac_cv_env_build_alias_set=
ac_cv_env_build_alias_value=
ac_cv_env_host_alias_set=
ac_cv_env_host_alias_value=
ac_cv_env_target_alias_set=
ac_cv_env_target_alias_value=
ac_cv_f77_compiler_gnu=no
ac_cv_func_alarm=yes
ac_cv_func_memmove=yes
ac_cv_func_strchr=yes
ac_cv_func_strtod=yes
ac_cv_func_strtol=yes
ac_cv_func_working_mktime=yes
ac_cv_header_dlfcn_h=yes
ac_cv_header_float_h=yes
ac_cv_header_inttypes_h=yes
ac_cv_header_memory_h=yes
ac_cv_header_stdbool_h=yes
ac_cv_header_stdc=yes
ac_cv_header_stdint_h=yes
ac_cv_header_stdlib_h=yes
ac_cv_header_string_h=yes
ac_cv_header_strings_h=yes
ac_cv_header_sys_stat_h=yes
ac_cv_header_sys_time_h=yes
ac_cv_header_sys_types_h=yes
ac_cv_header_time=yes
ac_cv_header_unistd_h=yes
ac_cv_host=i686-apple-darwin9.8.0
ac_cv_objext=o
ac_cv_path_EGREP='/usr/bin/grep -E'
ac_cv_path_GREP=/usr/bin/grep
ac_cv_path_install='/usr/bin/install -c'
ac_cv_prog_AWK=gawk
ac_cv_prog_CPP='gcc -E'
ac_cv_prog_CXXCPP='g++ -E'
ac_cv_prog_ac_ct_AR=ar
ac_cv_prog_ac_ct_CC=gcc
ac_cv_prog_ac_ct_CXX=g++
ac_cv_prog_ac_ct_RANLIB=ranlib
ac_cv_prog_ac_ct_STRIP=strip
ac_cv_prog_cc_c89=
ac_cv_prog_cc_g=yes
ac_cv_prog_cxx_g=yes
ac_cv_prog_f77_g=no
ac_cv_prog_make_make_set=yes
ac_cv_struct_tm=time.h
ac_cv_type__Bool=yes
am_cv_CC_dependencies_compiler_type=gcc3
am_cv_CXX_dependencies_compiler_type=gcc3
am_cv_prog_tar_ustar=gnutar
lt_cv_deplibs_check_method=pass_all
lt_cv_file_magic_cmd='$MAGIC_CMD'
lt_cv_file_magic_test_file=
lt_cv_ld_reload_flag=-r
lt_cv_objdir=.libs
lt_cv_path_LD=/usr/libexec/gcc/i686-apple-darwin9/4.0.1/ld
lt_cv_path_LDCXX=/usr/libexec/gcc/i686-apple-darwin9/4.0.1/ld
lt_cv_path_NM='/usr/bin/nm -p'
lt_cv_path_SED=/opt/local/bin/gsed
lt_cv_prog_compiler_c_o=yes
lt_cv_prog_compiler_c_o_CXX=yes
lt_cv_prog_compiler_rtti_exceptions=no
lt_cv_prog_gnu_ld=no
lt_cv_prog_gnu_ldcxx=no
lt_cv_sys_global_symbol_pipe='sed -n -e '\''s/^.*[ 	]\([BCDEGRST][BCDEGRST]*\)[ 	][ 	]*_\([_A-Za-z][_A-Za-z0-9]*\)$/\1 _\2 \2/p'\'''
lt_cv_sys_global_symbol_to_c_name_address='sed -n -e '\''s/^: \([^ ]*\) $/  {\"\1\", (lt_ptr) 0},/p'\'' -e '\''s/^[BCDEGRST] \([^ ]*\) \([^ ]*\)$/  {"\2", (lt_ptr) \&\2},/p'\'''
lt_cv_sys_global_symbol_to_cdecl='sed -n -e '\''s/^. .* \(.*\)$/extern int \1;/p'\'''
lt_cv_sys_max_cmd_len=196608
lt_lt_cv_prog_compiler_c_o='"yes"'
lt_lt_cv_prog_compiler_c_o_CXX='"yes"'
lt_lt_cv_sys_global_symbol_pipe='"sed -n -e '\''s/^.*[ 	]\\([BCDEGRST][BCDEGRST]*\\)[ 	][ 	]*_\\([_A-Za-z][_A-Za-z0-9]*\\)\$/\\1 _\\2 \\2/p'\''"'
lt_lt_cv_sys_global_symbol_to_c_name_address='"sed -n -e '\''s/^: \\([^ ]*\\) \$/  {\\\"\\1\\\", (lt_ptr) 0},/p'\'' -e '\''s/^[BCDEGRST] \\([^ ]*\\) \\([^ ]*\\)\$/  {\"\\2\", (lt_ptr) \\&\\2},/p'\''"'
lt_lt_cv_sys_global_symbol_to_cdecl='"sed -n -e '\''s/^. .* \\(.*\\)\$/extern int \\1;/p'\''"'

## ----------------- ##
## Output variables. ##
## ----------------- ##

ACLOCAL='${SHELL} /Users/bchisham/cdaotools/trunk/lib/ncl-2.0.02/config/missing --run aclocal-1.9'
AMDEPBACKSLASH='\'
AMDEP_FALSE='#'
AMDEP_TRUE=''
AMTAR='${SHELL} /Users/bchisham/cdaotools/trunk/lib/ncl-2.0.02/config/missing --run tar'
AR='ar'
AUTOCONF='${SHELL} /Users/bchisham/cdaotools/trunk/lib/ncl-2.0.02/config/missing --run autoconf'
AUTOHEADER='${SHELL} /Users/bchisham/cdaotools/trunk/lib/ncl-2.0.02/config/missing --run autoheader'
AUTOMAKE='${SHELL} /Users/bchisham/cdaotools/trunk/lib/ncl-2.0.02/config/missing --run automake-1.9'
AWK='gawk'
CC='gcc'
CCDEPMODE='depmode=gcc3'
CFLAGS='-g -O2'
CPP='gcc -E'
CPPFLAGS=''
CXX='g++'
CXXCPP='g++ -E'
CXXDEPMODE='depmode=gcc3'
CXXFLAGS=' -O3 -ffast-math  -Wno-long-double'
CYGPATH_W='echo'
DEFS='-DHAVE_CONFIG_H'
DEPDIR='.deps'
ECHO='/bin/echo'
ECHO_C='ECHO_N=''
ECHO_T=''
EGREP='/usr/bin/grep -E'
EXEEXT=''
F77=''
FFLAGS=''
GREP='/usr/bin/grep'
INSTALL_DATA='${INSTALL} -m 644'
INSTALL_PROGRAM='${INSTALL}'
INSTALL_SCRIPT='${INSTALL}'
INSTALL_STRIP_PROGRAM='${SHELL} $(install_sh) -c -s'
LDFLAGS=''
LIBOBJS=''
LIBS=''
LIBTOOL='$(SHELL) $(top_builddir)/libtool'
LN_S='ln -s'
LTLIBOBJS=''
MAKEINFO='${SHELL} /Users/bchisham/cdaotools/trunk/lib/ncl-2.0.02/config/missing --run makeinfo'
OBJEXT='o'
PACKAGE='ncl'
PACKAGE_BUGREPORT='paul.lewis@uconn.edu'
PACKAGE_NAME='NCL'
PACKAGE_STRING='NCL 2.0.02'
PACKAGE_TARNAME='ncl'
PACKAGE_VERSION='2.0.02'
PATH_SEPARATOR=':'
POW_LIB=''
RANLIB='ranlib'
SET_MAKE=''
SHELL='/bin/sh'
STRIP='strip'
VERSION='2.0.02'
ac_ct_CC='gcc'
ac_ct_CXX='g++'
ac_ct_F77=''
am__fastdepCC_FALSE='#'
am__fastdepCC_TRUE=''
am__fastdepCXX_FALSE='#'
am__fastdepCXX_TRUE=''
am__include='include'
am__leading_dot='.'
am__quote=''
am__tar='tar --format=ustar -chf - "$$tardir"'
am__untar='tar -xf -'
bindir='${exec_prefix}/bin'
build='i686-apple-darwin9.8.0'
build_alias=''
build_cpu='i686'
build_os='darwin9.8.0'
build_vendor='apple'
datadir='${datarootdir}'
datarootdir='${prefix}/share'
docdir='${datarootdir}/doc/${PACKAGE_TARNAME}'
dvidir='${docdir}'
exec_prefix='${prefix}'
host='i686-apple-darwin9.8.0'
host_alias=''
host_cpu='i686'
host_os='darwin9.8.0'
host_vendor='apple'
htmldir='${docdir}'
includedir='${prefix}/include'
infodir='${datarootdir}/info'
install_sh='/Users/bchisham/cdaotools/trunk/lib/ncl-2.0.02/config/install-sh'
libdir='${exec_prefix}/lib'
libexecdir='${exec_prefix}/libexec'
localedir='${datarootdir}/locale'
localstatedir='${prefix}/var'
mandir='${datarootdir}/man'
mkdir_p='$(mkinstalldirs)'
oldincludedir='/usr/include'
pdfdir='${docdir}'
prefix='/Users/bchisham'
program_transform_name='s,x,x,'
psdir='${docdir}'
sbindir='${exec_prefix}/sbin'
sharedstatedir='${prefix}/com'
sysconfdir='${prefix}/etc'
target_alias=''

## ----------- ##
## confdefs.h. ##
## ----------- ##

#define PACKAGE_NAME "NCL"
#define PACKAGE_TARNAME "ncl"
#define PACKAGE_VERSION "2.0.02"
#define PACKAGE_STRING "NCL 2.0.02"
#define PACKAGE_BUGREPORT "paul.lewis@uconn.edu"
#define PACKAGE "ncl"
#define VERSION "2.0.02"
#define STDC_HEADERS 1
#define HAVE_SYS_TYPES_H 1
#define HAVE_SYS_STAT_H 1
#define HAVE_STDLIB_H 1
#define HAVE_STRING_H 1
#define HAVE_MEMORY_H 1
#define HAVE_STRINGS_H 1
#define HAVE_INTTYPES_H 1
#define HAVE_STDINT_H 1
#define HAVE_UNISTD_H 1
#define HAVE_DLFCN_H 1
#define STDC_HEADERS 1
#define HAVE_FLOAT_H 1
#define HAVE_STDLIB_H 1
#define HAVE__BOOL 1
#define HAVE_STDBOOL_H 1
#define TIME_WITH_SYS_TIME 1
#define HAVE_SYS_TIME_H 1
#define HAVE_UNISTD_H 1
#define HAVE_ALARM 1
#define HAVE_MEMMOVE 1
#define HAVE_STRCHR 1
#define HAVE_STRTOL 1

configure: exit 0
