This file contains any messages produced by compilers while
running configure, to aid debugging if configure makes a mistake.

It was created by CdaoTranslator configure 0.2, which was
generated by GNU Autoconf 2.63.  Invocation command line was

  $ ./configure --prefix=/Users/bchisham --no-create --no-recursion

## --------- ##
## Platform. ##
## --------- ##

hostname = lacey-parsons.local
uname -m = i386
uname -r = 9.8.0
uname -s = Darwin
uname -v = Darwin Kernel Version 9.8.0: Wed Jul 15 16:55:01 PDT 2009; root:xnu-1228.15.4~1/RELEASE_I386

/usr/bin/uname -p = i386
/bin/uname -X     = unknown

/bin/arch              = unknown
/usr/bin/arch -k       = unknown
/usr/convex/getsysinfo = unknown
/usr/bin/hostinfo      = Mach kernel version:
	 Darwin Kernel Version 9.8.0: Wed Jul 15 16:55:01 PDT 2009; root:xnu-1228.15.4~1/RELEASE_I386
Kernel configured for up to 2 processors.
2 processors are physically available.
2 processors are logically available.
Processor type: i486 (Intel 80486)
Processors active: 0 1
Primary memory available: 4.00 gigabytes
Default processor set: 65 tasks, 265 threads, 2 processors
Load average: 3.11, Mach factor: 0.51
/bin/machine           = unknown
/usr/bin/oslevel       = unknown
/bin/universe          = unknown

PATH: /opt/local/bin
PATH: /opt/local/sbin
PATH: /usr/local/mysql/bin
PATH: /usr/bin
PATH: /bin
PATH: /usr/sbin
PATH: /sbin
PATH: /usr/local/bin
PATH: /usr/texbin
PATH: /usr/X11/bin
PATH: /Users/bchisham/bin


## ----------- ##
## Core tests. ##
## ----------- ##

configure:2086: checking for a BSD-compatible install
configure:2154: result: /usr/bin/install -c
configure:2165: checking whether build environment is sane
configure:2208: result: yes
configure:2233: checking for a thread-safe mkdir -p
configure:2272: result: config/install-sh -c -d
configure:2285: checking for gawk
configure:2301: found /opt/local/bin/gawk
configure:2312: result: gawk
configure:2323: checking whether make sets $(MAKE)
configure:2345: result: yes
configure:2588: checking for g++
configure:2604: found /usr/bin/g++
configure:2615: result: g++
configure:2642: checking for C++ compiler version
configure:2650: g++ --version >&5
i686-apple-darwin9-g++-4.0.1 (GCC) 4.0.1 (Apple Inc. build 5493)
Copyright (C) 2005 Free Software Foundation, Inc.
This is free software; see the source for copying conditions.  There is NO
warranty; not even for MERCHANTABILITY or FITNESS FOR A PARTICULAR PURPOSE.

configure:2654: $? = 0
configure:2661: g++ -v >&5
Using built-in specs.
Target: i686-apple-darwin9
Configured with: /var/tmp/gcc/gcc-5493~1/src/configure --disable-checking -enable-werror --prefix=/usr --mandir=/share/man --enable-languages=c,objc,c++,obj-c++ --program-transform-name=/^[cg][^.-]*$/s/$/-4.0/ --with-gxx-include-dir=/include/c++/4.0.0 --with-slibdir=/usr/lib --build=i686-apple-darwin9 --with-arch=apple --with-tune=generic --host=i686-apple-darwin9 --target=i686-apple-darwin9
Thread model: posix
gcc version 4.0.1 (Apple Inc. build 5493)
configure:2665: $? = 0
configure:2672: g++ -V >&5
g++-4.0: argument to `-V' is missing
configure:2676: $? = 1
configure:2699: checking for C++ compiler default output file name
configure:2721: g++    conftest.cpp  >&5
configure:2725: $? = 0
configure:2763: result: a.out
configure:2782: checking whether the C++ compiler works
configure:2792: ./a.out
configure:2796: $? = 0
configure:2815: result: yes
configure:2822: checking whether we are cross compiling
configure:2824: result: no
configure:2827: checking for suffix of executables
configure:2834: g++ -o conftest    conftest.cpp  >&5
configure:2838: $? = 0
configure:2864: result: 
configure:2870: checking for suffix of object files
configure:2896: g++ -c   conftest.cpp >&5
configure:2900: $? = 0
configure:2925: result: o
configure:2929: checking whether we are using the GNU C++ compiler
configure:2958: g++ -c   conftest.cpp >&5
configure:2965: $? = 0
configure:2982: result: yes
configure:2991: checking whether g++ accepts -g
configure:3021: g++ -c -g  conftest.cpp >&5
configure:3028: $? = 0
configure:3129: result: yes
configure:3163: checking for style of include used by make
configure:3191: result: GNU
configure:3216: checking dependency style of g++
configure:3307: result: gcc3
configure:3370: checking for gcc
configure:3386: found /usr/bin/gcc
configure:3397: result: gcc
configure:3629: checking for C compiler version
configure:3637: gcc --version >&5
i686-apple-darwin9-gcc-4.0.1 (GCC) 4.0.1 (Apple Inc. build 5493)
Copyright (C) 2005 Free Software Foundation, Inc.
This is free software; see the source for copying conditions.  There is NO
warranty; not even for MERCHANTABILITY or FITNESS FOR A PARTICULAR PURPOSE.

configure:3641: $? = 0
configure:3648: gcc -v >&5
Using built-in specs.
Target: i686-apple-darwin9
Configured with: /var/tmp/gcc/gcc-5493~1/src/configure --disable-checking -enable-werror --prefix=/usr --mandir=/share/man --enable-languages=c,objc,c++,obj-c++ --program-transform-name=/^[cg][^.-]*$/s/$/-4.0/ --with-gxx-include-dir=/include/c++/4.0.0 --with-slibdir=/usr/lib --build=i686-apple-darwin9 --with-arch=apple --with-tune=generic --host=i686-apple-darwin9 --target=i686-apple-darwin9
Thread model: posix
gcc version 4.0.1 (Apple Inc. build 5493)
configure:3652: $? = 0
configure:3659: gcc -V >&5
gcc-4.0: argument to `-V' is missing
configure:3663: $? = 1
configure:3666: checking whether we are using the GNU C compiler
configure:3695: gcc -c   conftest.c >&5
configure:3702: $? = 0
configure:3719: result: yes
configure:3728: checking whether gcc accepts -g
configure:3758: gcc -c -g  conftest.c >&5
configure:3765: $? = 0
configure:3866: result: yes
configure:3883: checking for gcc option to accept ISO C89
configure:3957: gcc  -c -g -O2  conftest.c >&5
configure:3964: $? = 0
configure:3987: result: none needed
configure:4007: checking dependency style of gcc
configure:4098: result: gcc3
configure:4113: checking whether make sets $(MAKE)
configure:4135: result: yes
configure:4158: checking for a BSD-compatible install
configure:4226: result: /usr/bin/install -c
configure:4237: checking whether ln -s works
configure:4241: result: yes
configure:4279: checking build system type
configure:4297: result: i386-apple-darwin9.8.0
configure:4319: checking host system type
configure:4334: result: i386-apple-darwin9.8.0
configure:4356: checking for a sed that does not truncate output
configure:4422: result: /opt/local/bin/gsed
configure:4440: checking for grep that handles long lines and -e
configure:4500: result: /usr/bin/grep
configure:4505: checking for egrep
configure:4569: result: /usr/bin/grep -E
configure:4574: checking for fgrep
configure:4638: result: /usr/bin/grep -F
configure:4673: checking for ld used by gcc
configure:4740: result: /usr/libexec/gcc/i686-apple-darwin9/4.0.1/ld
configure:4749: checking if the linker (/usr/libexec/gcc/i686-apple-darwin9/4.0.1/ld) is GNU ld
configure:4764: result: no
configure:4776: checking for BSD- or MS-compatible name lister (nm)
configure:4825: result: /usr/bin/nm -p
configure:4943: checking the name lister (/usr/bin/nm -p) interface
configure:4950: gcc -c -g -O2  conftest.c >&5
configure:4953: /usr/bin/nm -p "conftest.o"
configure:4956: output
00000164 D _some_variable
configure:4963: result: BSD nm
configure:4967: checking the maximum length of command line arguments
configure:5087: result: 196608
configure:5104: checking whether the shell understands some XSI constructs
configure:5114: result: yes
configure:5118: checking whether the shell understands "+="
configure:5124: result: yes
configure:5159: checking for /usr/libexec/gcc/i686-apple-darwin9/4.0.1/ld option to reload object files
configure:5166: result: -r
configure:5235: checking for objdump
configure:5265: result: no
configure:5294: checking how to recognize dependent libraries
configure:5490: result: pass_all
configure:5550: checking for ar
configure:5566: found /usr/bin/ar
configure:5577: result: ar
configure:5655: checking for strip
configure:5671: found /usr/bin/strip
configure:5682: result: strip
configure:5754: checking for ranlib
configure:5770: found /usr/bin/ranlib
configure:5781: result: ranlib
configure:5871: checking command to parse /usr/bin/nm -p output from gcc object
configure:5989: gcc -c -g -O2  conftest.c >&5
configure:5992: $? = 0
configure:5996: /usr/bin/nm -p conftest.o \| sed -n -e 's/^.*[	 ]\([BCDEGRST][BCDEGRST]*\)[	 ][	 ]*\([_A-Za-z][_A-Za-z0-9]*\)$/\1 \2 \2/p' \> conftest.nm
configure:5999: $? = 0
cannot find nm_test_var in conftest.nm
configure:5989: gcc -c -g -O2  conftest.c >&5
configure:5992: $? = 0
configure:5996: /usr/bin/nm -p conftest.o \| sed -n -e 's/^.*[	 ]\([BCDEGRST][BCDEGRST]*\)[	 ][	 ]*_\([_A-Za-z][_A-Za-z0-9]*\)$/\1 _\2 \2/p' \> conftest.nm
configure:5999: $? = 0
configure:6053: gcc -o conftest -g -O2   conftest.c conftstm.o >&5
configure:6056: $? = 0
configure:6094: result: ok
configure:6388: checking for dsymutil
configure:6404: found /usr/bin/dsymutil
configure:6415: result: dsymutil
configure:6480: checking for nmedit
configure:6496: found /usr/bin/nmedit
configure:6507: result: nmedit
configure:6572: checking for lipo
configure:6588: found /usr/bin/lipo
configure:6599: result: lipo
configure:6664: checking for otool
configure:6680: found /usr/bin/otool
configure:6691: result: otool
configure:6756: checking for otool64
configure:6786: result: no
configure:6831: checking for -single_module linker flag
gcc -g -O2  -o libconftest.dylib -dynamiclib -Wl,-single_module conftest.c
configure:6858: result: yes
configure:6860: checking for -exported_symbols_list linker flag
configure:6890: gcc -o conftest -g -O2   -Wl,-exported_symbols_list,conftest.sym conftest.c  >&5
configure:6897: $? = 0
configure:6919: result: yes
configure:6961: checking how to run the C preprocessor
configure:7001: gcc -E  conftest.c
configure:7008: $? = 0
configure:7039: gcc -E  conftest.c
conftest.c:10:28: error: ac_nonexistent.h: No such file or directory
configure:7046: $? = 1
configure: failed program was:
| /* confdefs.h.  */
| #define PACKAGE_NAME "CdaoTranslator"
| #define PACKAGE_TARNAME "cdaotranslator"
| #define PACKAGE_VERSION "0.2"
| #define PACKAGE_STRING "CdaoTranslator 0.2"
| #define PACKAGE_BUGREPORT "bchisham@cs.nmsu.edu"
| #define PACKAGE "CdaoTranslator"
| #define VERSION "0.2"
| /* end confdefs.h.  */
| #include <ac_nonexistent.h>
configure:7079: result: gcc -E
configure:7108: gcc -E  conftest.c
configure:7115: $? = 0
configure:7146: gcc -E  conftest.c
conftest.c:10:28: error: ac_nonexistent.h: No such file or directory
configure:7153: $? = 1
configure: failed program was:
| /* confdefs.h.  */
| #define PACKAGE_NAME "CdaoTranslator"
| #define PACKAGE_TARNAME "cdaotranslator"
| #define PACKAGE_VERSION "0.2"
| #define PACKAGE_STRING "CdaoTranslator 0.2"
| #define PACKAGE_BUGREPORT "bchisham@cs.nmsu.edu"
| #define PACKAGE "CdaoTranslator"
| #define VERSION "0.2"
| /* end confdefs.h.  */
| #include <ac_nonexistent.h>
configure:7193: checking for ANSI C header files
configure:7223: gcc -c -g -O2  conftest.c >&5
configure:7230: $? = 0
configure:7329: gcc -o conftest -g -O2   conftest.c  >&5
configure:7333: $? = 0
configure:7339: ./conftest
configure:7343: $? = 0
configure:7361: result: yes
configure:7385: checking for sys/types.h
configure:7406: gcc -c -g -O2  conftest.c >&5
configure:7413: $? = 0
configure:7430: result: yes
configure:7385: checking for sys/stat.h
configure:7406: gcc -c -g -O2  conftest.c >&5
configure:7413: $? = 0
configure:7430: result: yes
configure:7385: checking for stdlib.h
configure:7406: gcc -c -g -O2  conftest.c >&5
configure:7413: $? = 0
configure:7430: result: yes
configure:7385: checking for string.h
configure:7406: gcc -c -g -O2  conftest.c >&5
configure:7413: $? = 0
configure:7430: result: yes
configure:7385: checking for memory.h
configure:7406: gcc -c -g -O2  conftest.c >&5
configure:7413: $? = 0
configure:7430: result: yes
configure:7385: checking for strings.h
configure:7406: gcc -c -g -O2  conftest.c >&5
configure:7413: $? = 0
configure:7430: result: yes
configure:7385: checking for inttypes.h
configure:7406: gcc -c -g -O2  conftest.c >&5
configure:7413: $? = 0
configure:7430: result: yes
configure:7385: checking for stdint.h
configure:7406: gcc -c -g -O2  conftest.c >&5
configure:7413: $? = 0
configure:7430: result: yes
configure:7385: checking for unistd.h
configure:7406: gcc -c -g -O2  conftest.c >&5
configure:7413: $? = 0
configure:7430: result: yes
configure:7448: checking for dlfcn.h
configure:7469: gcc -c -g -O2  conftest.c >&5
configure:7476: $? = 0
configure:7493: result: yes
configure:7620: checking for C++ compiler version
configure:7628: g++ --version >&5
i686-apple-darwin9-g++-4.0.1 (GCC) 4.0.1 (Apple Inc. build 5493)
Copyright (C) 2005 Free Software Foundation, Inc.
This is free software; see the source for copying conditions.  There is NO
warranty; not even for MERCHANTABILITY or FITNESS FOR A PARTICULAR PURPOSE.

configure:7632: $? = 0
configure:7639: g++ -v >&5
Using built-in specs.
Target: i686-apple-darwin9
Configured with: /var/tmp/gcc/gcc-5493~1/src/configure --disable-checking -enable-werror --prefix=/usr --mandir=/share/man --enable-languages=c,objc,c++,obj-c++ --program-transform-name=/^[cg][^.-]*$/s/$/-4.0/ --with-gxx-include-dir=/include/c++/4.0.0 --with-slibdir=/usr/lib --build=i686-apple-darwin9 --with-arch=apple --with-tune=generic --host=i686-apple-darwin9 --target=i686-apple-darwin9
Thread model: posix
gcc version 4.0.1 (Apple Inc. build 5493)
configure:7643: $? = 0
configure:7650: g++ -V >&5
g++-4.0: argument to `-V' is missing
configure:7654: $? = 1
configure:7657: checking whether we are using the GNU C++ compiler
configure:7710: result: yes
configure:7719: checking whether g++ accepts -g
configure:7857: result: yes
configure:7882: checking dependency style of g++
configure:7973: result: gcc3
configure:7996: checking how to run the C++ preprocessor
configure:8032: g++ -E  conftest.cpp
configure:8039: $? = 0
configure:8070: g++ -E  conftest.cpp
conftest.cpp:21:28: error: ac_nonexistent.h: No such file or directory
configure:8077: $? = 1
configure: failed program was:
| /* confdefs.h.  */
| #define PACKAGE_NAME "CdaoTranslator"
| #define PACKAGE_TARNAME "cdaotranslator"
| #define PACKAGE_VERSION "0.2"
| #define PACKAGE_STRING "CdaoTranslator 0.2"
| #define PACKAGE_BUGREPORT "bchisham@cs.nmsu.edu"
| #define PACKAGE "CdaoTranslator"
| #define VERSION "0.2"
| #define STDC_HEADERS 1
| #define HAVE_SYS_TYPES_H 1
| #define HAVE_SYS_STAT_H 1
| #define HAVE_STDLIB_H 1
| #define HAVE_STRING_H 1
| #define HAVE_MEMORY_H 1
| #define HAVE_STRINGS_H 1
| #define HAVE_INTTYPES_H 1
| #define HAVE_STDINT_H 1
| #define HAVE_UNISTD_H 1
| #define HAVE_DLFCN_H 1
| /* end confdefs.h.  */
| #include <ac_nonexistent.h>
configure:8110: result: g++ -E
configure:8139: g++ -E  conftest.cpp
configure:8146: $? = 0
configure:8177: g++ -E  conftest.cpp
conftest.cpp:21:28: error: ac_nonexistent.h: No such file or directory
configure:8184: $? = 1
configure: failed program was:
| /* confdefs.h.  */
| #define PACKAGE_NAME "CdaoTranslator"
| #define PACKAGE_TARNAME "cdaotranslator"
| #define PACKAGE_VERSION "0.2"
| #define PACKAGE_STRING "CdaoTranslator 0.2"
| #define PACKAGE_BUGREPORT "bchisham@cs.nmsu.edu"
| #define PACKAGE "CdaoTranslator"
| #define VERSION "0.2"
| #define STDC_HEADERS 1
| #define HAVE_SYS_TYPES_H 1
| #define HAVE_SYS_STAT_H 1
| #define HAVE_STDLIB_H 1
| #define HAVE_STRING_H 1
| #define HAVE_MEMORY_H 1
| #define HAVE_STRINGS_H 1
| #define HAVE_INTTYPES_H 1
| #define HAVE_STDINT_H 1
| #define HAVE_UNISTD_H 1
| #define HAVE_DLFCN_H 1
| /* end confdefs.h.  */
| #include <ac_nonexistent.h>
configure:8398: checking for objdir
configure:8413: result: .libs
configure:8705: checking if gcc supports -fno-rtti -fno-exceptions
configure:8723: gcc -c -g -O2  -fno-rtti -fno-exceptions conftest.c >&5
cc1: warning: command line option "-fno-rtti" is valid for C++/ObjC++ but not for C
configure:8727: $? = 0
configure:8740: result: no
configure:8760: checking for gcc option to produce PIC
configure:9032: result: -fno-common -DPIC
configure:9044: checking if gcc PIC flag -fno-common -DPIC works
configure:9062: gcc -c -g -O2  -fno-common -DPIC -DPIC conftest.c >&5
configure:9066: $? = 0
configure:9079: result: yes
configure:9103: checking if gcc static flag -static works
configure:9131: result: no
configure:9146: checking if gcc supports -c -o file.o
configure:9167: gcc -c -g -O2  -o out/conftest2.o conftest.c >&5
configure:9171: $? = 0
configure:9193: result: yes
configure:9201: checking if gcc supports -c -o file.o
configure:9248: result: yes
configure:9281: checking whether the gcc linker (/usr/libexec/gcc/i686-apple-darwin9/4.0.1/ld) supports shared libraries
configure:10355: result: yes
configure:10594: checking dynamic linker characteristics
configure:11277: result: darwin9.8.0 dyld
configure:11379: checking how to hardcode library paths into programs
configure:11404: result: immediate
configure:12237: checking whether stripping libraries is possible
configure:12251: result: yes
configure:12277: checking if libtool supports shared libraries
configure:12279: result: yes
configure:12282: checking whether to build shared libraries
configure:12303: result: yes
configure:12306: checking whether to build static libraries
configure:12310: result: yes
configure:12460: checking for ld used by g++
configure:12527: result: /usr/libexec/gcc/i686-apple-darwin9/4.0.1/ld
configure:12536: checking if the linker (/usr/libexec/gcc/i686-apple-darwin9/4.0.1/ld) is GNU ld
configure:12551: result: no
configure:12606: checking whether the g++ linker (/usr/libexec/gcc/i686-apple-darwin9/4.0.1/ld) supports shared libraries
configure:13581: result: yes
configure:13609: g++ -c -g -O2  conftest.cpp >&5
configure:13612: $? = 0
configure:13794: checking for g++ option to produce PIC
configure:14111: result: -fno-common -DPIC
configure:14120: checking if g++ PIC flag -fno-common -DPIC works
configure:14138: g++ -c -g -O2  -fno-common -DPIC -DPIC conftest.cpp >&5
configure:14142: $? = 0
configure:14155: result: yes
configure:14176: checking if g++ static flag -static works
configure:14204: result: no
configure:14216: checking if g++ supports -c -o file.o
configure:14237: g++ -c -g -O2  -o out/conftest2.o conftest.cpp >&5
configure:14241: $? = 0
configure:14263: result: yes
configure:14268: checking if g++ supports -c -o file.o
configure:14315: result: yes
configure:14345: checking whether the g++ linker (/usr/libexec/gcc/i686-apple-darwin9/4.0.1/ld) supports shared libraries
configure:14371: result: yes
configure:14508: checking dynamic linker characteristics
configure:15139: result: darwin9.8.0 dyld
configure:15190: checking how to hardcode library paths into programs
configure:15215: result: immediate
configure:15278: checking for ANSI C header files
configure:15446: result: yes
configure:15474: checking float.h usability
configure:15491: gcc -c -g -O2  conftest.c >&5
configure:15498: $? = 0
configure:15512: result: yes
configure:15516: checking float.h presence
configure:15531: gcc -E  conftest.c
configure:15538: $? = 0
configure:15552: result: yes
configure:15585: checking for float.h
configure:15594: result: yes
configure:15474: checking limits.h usability
configure:15491: gcc -c -g -O2  conftest.c >&5
configure:15498: $? = 0
configure:15512: result: yes
configure:15516: checking limits.h presence
configure:15531: gcc -E  conftest.c
configure:15538: $? = 0
configure:15552: result: yes
configure:15585: checking for limits.h
configure:15594: result: yes
configure:15463: checking for stdlib.h
configure:15470: result: yes
configure:15611: checking for stdbool.h that conforms to C99
configure:15706: gcc -c -g -O2  conftest.c >&5
configure:15713: $? = 0
configure:15728: result: yes
configure:15730: checking for _Bool
configure:15758: gcc -c -g -O2  conftest.c >&5
configure:15765: $? = 0
configure:15792: gcc -c -g -O2  conftest.c >&5
conftest.c: In function 'main':
conftest.c:62: error: syntax error before ')' token
configure:15799: $? = 1
configure: failed program was:
| /* confdefs.h.  */
| #define PACKAGE_NAME "CdaoTranslator"
| #define PACKAGE_TARNAME "cdaotranslator"
| #define PACKAGE_VERSION "0.2"
| #define PACKAGE_STRING "CdaoTranslator 0.2"
| #define PACKAGE_BUGREPORT "bchisham@cs.nmsu.edu"
| #define PACKAGE "CdaoTranslator"
| #define VERSION "0.2"
| #define STDC_HEADERS 1
| #define HAVE_SYS_TYPES_H 1
| #define HAVE_SYS_STAT_H 1
| #define HAVE_STDLIB_H 1
| #define HAVE_STRING_H 1
| #define HAVE_MEMORY_H 1
| #define HAVE_STRINGS_H 1
| #define HAVE_INTTYPES_H 1
| #define HAVE_STDINT_H 1
| #define HAVE_UNISTD_H 1
| #define HAVE_DLFCN_H 1
| #define LT_OBJDIR ".libs/"
| #define STDC_HEADERS 1
| #define HAVE_FLOAT_H 1
| #define HAVE_LIMITS_H 1
| #define HAVE_STDLIB_H 1
| /* end confdefs.h.  */
| #include <stdio.h>
| #ifdef HAVE_SYS_TYPES_H
| # include <sys/types.h>
| #endif
| #ifdef HAVE_SYS_STAT_H
| # include <sys/stat.h>
| #endif
| #ifdef STDC_HEADERS
| # include <stdlib.h>
| # include <stddef.h>
| #else
| # ifdef HAVE_STDLIB_H
| #  include <stdlib.h>
| # endif
| #endif
| #ifdef HAVE_STRING_H
| # if !defined STDC_HEADERS && defined HAVE_MEMORY_H
| #  include <memory.h>
| # endif
| # include <string.h>
| #endif
| #ifdef HAVE_STRINGS_H
| # include <strings.h>
| #endif
| #ifdef HAVE_INTTYPES_H
| # include <inttypes.h>
| #endif
| #ifdef HAVE_STDINT_H
| # include <stdint.h>
| #endif
| #ifdef HAVE_UNISTD_H
| # include <unistd.h>
| #endif
| int
| main ()
| {
| if (sizeof ((_Bool)))
| 	  return 0;
|   ;
|   return 0;
| }
configure:15822: result: yes
configure:15841: checking for an ANSI C-conforming const
configure:15916: gcc -c -g -O2  conftest.c >&5
configure:15923: $? = 0
configure:15938: result: yes
configure:15948: checking for inline
configure:15974: gcc -c -g -O2  conftest.c >&5
configure:15981: $? = 0
configure:15999: result: inline
configure:16018: checking for size_t
configure:16046: gcc -c -g -O2  conftest.c >&5
configure:16053: $? = 0
configure:16080: gcc -c -g -O2  conftest.c >&5
conftest.c: In function 'main':
conftest.c:64: error: syntax error before ')' token
configure:16087: $? = 1
configure: failed program was:
| /* confdefs.h.  */
| #define PACKAGE_NAME "CdaoTranslator"
| #define PACKAGE_TARNAME "cdaotranslator"
| #define PACKAGE_VERSION "0.2"
| #define PACKAGE_STRING "CdaoTranslator 0.2"
| #define PACKAGE_BUGREPORT "bchisham@cs.nmsu.edu"
| #define PACKAGE "CdaoTranslator"
| #define VERSION "0.2"
| #define STDC_HEADERS 1
| #define HAVE_SYS_TYPES_H 1
| #define HAVE_SYS_STAT_H 1
| #define HAVE_STDLIB_H 1
| #define HAVE_STRING_H 1
| #define HAVE_MEMORY_H 1
| #define HAVE_STRINGS_H 1
| #define HAVE_INTTYPES_H 1
| #define HAVE_STDINT_H 1
| #define HAVE_UNISTD_H 1
| #define HAVE_DLFCN_H 1
| #define LT_OBJDIR ".libs/"
| #define STDC_HEADERS 1
| #define HAVE_FLOAT_H 1
| #define HAVE_LIMITS_H 1
| #define HAVE_STDLIB_H 1
| #define HAVE__BOOL 1
| #define HAVE_STDBOOL_H 1
| /* end confdefs.h.  */
| #include <stdio.h>
| #ifdef HAVE_SYS_TYPES_H
| # include <sys/types.h>
| #endif
| #ifdef HAVE_SYS_STAT_H
| # include <sys/stat.h>
| #endif
| #ifdef STDC_HEADERS
| # include <stdlib.h>
| # include <stddef.h>
| #else
| # ifdef HAVE_STDLIB_H
| #  include <stdlib.h>
| # endif
| #endif
| #ifdef HAVE_STRING_H
| # if !defined STDC_HEADERS && defined HAVE_MEMORY_H
| #  include <memory.h>
| # endif
| # include <string.h>
| #endif
| #ifdef HAVE_STRINGS_H
| # include <strings.h>
| #endif
| #ifdef HAVE_INTTYPES_H
| # include <inttypes.h>
| #endif
| #ifdef HAVE_STDINT_H
| # include <stdint.h>
| #endif
| #ifdef HAVE_UNISTD_H
| # include <unistd.h>
| #endif
| int
| main ()
| {
| if (sizeof ((size_t)))
| 	  return 0;
|   ;
|   return 0;
| }
configure:16110: result: yes
configure:16129: checking for memmove
configure:16185: gcc -o conftest -g -O2   conftest.c  >&5
conftest.c:51: warning: conflicting types for built-in function 'memmove'
configure:16192: $? = 0
configure:16214: result: yes
configure:16129: checking for strchr
configure:16185: gcc -o conftest -g -O2   conftest.c  >&5
conftest.c:52: warning: conflicting types for built-in function 'strchr'
configure:16192: $? = 0
configure:16214: result: yes
configure:16363: creating ./config.status

## ---------------- ##
## Cache variables. ##
## ---------------- ##

ac_cv_build=i386-apple-darwin9.8.0
ac_cv_c_compiler_gnu=yes
ac_cv_c_const=yes
ac_cv_c_inline=inline
ac_cv_cxx_compiler_gnu=yes
ac_cv_env_CCC_set=
ac_cv_env_CCC_value=
ac_cv_env_CC_set=
ac_cv_env_CC_value=
ac_cv_env_CFLAGS_set=
ac_cv_env_CFLAGS_value=
ac_cv_env_CPPFLAGS_set=
ac_cv_env_CPPFLAGS_value=
ac_cv_env_CPP_set=
ac_cv_env_CPP_value=
ac_cv_env_CXXCPP_set=
ac_cv_env_CXXCPP_value=
ac_cv_env_CXXFLAGS_set=
ac_cv_env_CXXFLAGS_value=
ac_cv_env_CXX_set=
ac_cv_env_CXX_value=
ac_cv_env_LDFLAGS_set=
ac_cv_env_LDFLAGS_value=
ac_cv_env_LIBS_set=
ac_cv_env_LIBS_value=
ac_cv_env_build_alias_set=
ac_cv_env_build_alias_value=
ac_cv_env_host_alias_set=
ac_cv_env_host_alias_value=
ac_cv_env_target_alias_set=
ac_cv_env_target_alias_value=
ac_cv_func_memmove=yes
ac_cv_func_strchr=yes
ac_cv_header_dlfcn_h=yes
ac_cv_header_float_h=yes
ac_cv_header_inttypes_h=yes
ac_cv_header_limits_h=yes
ac_cv_header_memory_h=yes
ac_cv_header_stdbool_h=yes
ac_cv_header_stdc=yes
ac_cv_header_stdint_h=yes
ac_cv_header_stdlib_h=yes
ac_cv_header_string_h=yes
ac_cv_header_strings_h=yes
ac_cv_header_sys_stat_h=yes
ac_cv_header_sys_types_h=yes
ac_cv_header_unistd_h=yes
ac_cv_host=i386-apple-darwin9.8.0
ac_cv_objext=o
ac_cv_path_EGREP='/usr/bin/grep -E'
ac_cv_path_FGREP='/usr/bin/grep -F'
ac_cv_path_GREP=/usr/bin/grep
ac_cv_path_SED=/opt/local/bin/gsed
ac_cv_path_install='/usr/bin/install -c'
ac_cv_prog_AWK=gawk
ac_cv_prog_CPP='gcc -E'
ac_cv_prog_CXXCPP='g++ -E'
ac_cv_prog_ac_ct_AR=ar
ac_cv_prog_ac_ct_CC=gcc
ac_cv_prog_ac_ct_CXX=g++
ac_cv_prog_ac_ct_DSYMUTIL=dsymutil
ac_cv_prog_ac_ct_LIPO=lipo
ac_cv_prog_ac_ct_NMEDIT=nmedit
ac_cv_prog_ac_ct_OTOOL=otool
ac_cv_prog_ac_ct_RANLIB=ranlib
ac_cv_prog_ac_ct_STRIP=strip
ac_cv_prog_cc_c89=
ac_cv_prog_cc_g=yes
ac_cv_prog_cxx_g=yes
ac_cv_prog_make_make_set=yes
ac_cv_type__Bool=yes
ac_cv_type_size_t=yes
am_cv_CC_dependencies_compiler_type=gcc3
am_cv_CXX_dependencies_compiler_type=gcc3
lt_cv_apple_cc_single_mod=yes
lt_cv_deplibs_check_method=pass_all
lt_cv_file_magic_cmd='$MAGIC_CMD'
lt_cv_file_magic_test_file=
lt_cv_ld_exported_symbols_list=yes
lt_cv_ld_reload_flag=-r
lt_cv_nm_interface='BSD nm'
lt_cv_objdir=.libs
lt_cv_path_LD=/usr/libexec/gcc/i686-apple-darwin9/4.0.1/ld
lt_cv_path_LDCXX=/usr/libexec/gcc/i686-apple-darwin9/4.0.1/ld
lt_cv_path_NM='/usr/bin/nm -p'
lt_cv_prog_compiler_c_o=yes
lt_cv_prog_compiler_c_o_CXX=yes
lt_cv_prog_compiler_pic_works=yes
lt_cv_prog_compiler_pic_works_CXX=yes
lt_cv_prog_compiler_rtti_exceptions=no
lt_cv_prog_compiler_static_works=no
lt_cv_prog_compiler_static_works_CXX=no
lt_cv_prog_gnu_ld=no
lt_cv_prog_gnu_ldcxx=no
lt_cv_sys_global_symbol_pipe='sed -n -e '\''s/^.*[	 ]\([BCDEGRST][BCDEGRST]*\)[	 ][	 ]*_\([_A-Za-z][_A-Za-z0-9]*\)$/\1 _\2 \2/p'\'''
lt_cv_sys_global_symbol_to_c_name_address='sed -n -e '\''s/^: \([^ ]*\) $/  {\"\1\", (void *) 0},/p'\'' -e '\''s/^[BCDEGRST]* \([^ ]*\) \([^ ]*\)$/  {"\2", (void *) \&\2},/p'\'''
lt_cv_sys_global_symbol_to_c_name_address_lib_prefix='sed -n -e '\''s/^: \([^ ]*\) $/  {\"\1\", (void *) 0},/p'\'' -e '\''s/^[BCDEGRST]* \([^ ]*\) \(lib[^ ]*\)$/  {"\2", (void *) \&\2},/p'\'' -e '\''s/^[BCDEGRST]* \([^ ]*\) \([^ ]*\)$/  {"lib\2", (void *) \&\2},/p'\'''
lt_cv_sys_global_symbol_to_cdecl='sed -n -e '\''s/^T .* \(.*\)$/extern int \1();/p'\'' -e '\''s/^[BCDEGRST]* .* \(.*\)$/extern char \1;/p'\'''
lt_cv_sys_max_cmd_len=196608

## ----------------- ##
## Output variables. ##
## ----------------- ##

ACLOCAL='${SHELL} /Users/bchisham/cdaotools/trunk/config/missing --run aclocal-1.10'
AMDEPBACKSLASH='\'
AMDEP_FALSE='#'
AMDEP_TRUE=''
AMTAR='${SHELL} /Users/bchisham/cdaotools/trunk/config/missing --run tar'
AR='ar'
AUTOCONF='${SHELL} /Users/bchisham/cdaotools/trunk/config/missing --run autoconf'
AUTOHEADER='${SHELL} /Users/bchisham/cdaotools/trunk/config/missing --run autoheader'
AUTOMAKE='${SHELL} /Users/bchisham/cdaotools/trunk/config/missing --run automake-1.10'
AWK='gawk'
CC='gcc'
CCDEPMODE='depmode=gcc3'
CFLAGS='-g -O2'
CPP='gcc -E'
CPPFLAGS=''
CXX='g++'
CXXCPP='g++ -E'
CXXDEPMODE='depmode=gcc3'
CXXFLAGS='-g -O2'
CYGPATH_W='echo'
DEFS='-DHAVE_CONFIG_H'
DEPDIR='.deps'
DSYMUTIL='dsymutil'
DUMPBIN=''
ECHO_C='\c'
ECHO_N=''
ECHO_T=''
EGREP='/usr/bin/grep -E'
EXEEXT=''
FGREP='/usr/bin/grep -F'
GREP='/usr/bin/grep'
INSTALL_DATA='${INSTALL} -m 644'
INSTALL_PROGRAM='${INSTALL}'
INSTALL_SCRIPT='${INSTALL}'
INSTALL_STRIP_PROGRAM='$(install_sh) -c -s'
LD='/usr/libexec/gcc/i686-apple-darwin9/4.0.1/ld'
LDFLAGS=''
LIBOBJS=''
LIBS=''
LIBTOOL='$(SHELL) $(top_builddir)/libtool'
LIBTOOL_DEPS='config/ltmain.sh'
LIPO='lipo'
LN_S='ln -s'
LTLIBOBJS=''
MAKEINFO='${SHELL} /Users/bchisham/cdaotools/trunk/config/missing --run makeinfo'
MKDIR_P='config/install-sh -c -d'
NM='/usr/bin/nm -p'
NMEDIT='nmedit'
OBJDUMP='false'
OBJEXT='o'
OTOOL64=':'
OTOOL='otool'
PACKAGE='CdaoTranslator'
PACKAGE_BUGREPORT='bchisham@cs.nmsu.edu'
PACKAGE_NAME='CdaoTranslator'
PACKAGE_STRING='CdaoTranslator 0.2'
PACKAGE_TARNAME='cdaotranslator'
PACKAGE_VERSION='0.2'
PATH_SEPARATOR=':'
RANLIB='ranlib'
SED='/opt/local/bin/gsed'
SET_MAKE=''
SHELL='/bin/sh'
STRIP='strip'
VERSION='0.2'
ac_ct_CC='gcc'
ac_ct_CXX='g++'
ac_ct_DUMPBIN=''
am__fastdepCC_FALSE='#'
am__fastdepCC_TRUE=''
am__fastdepCXX_FALSE='#'
am__fastdepCXX_TRUE=''
am__include='include'
am__isrc=''
am__leading_dot='.'
am__quote=''
am__tar='${AMTAR} chof - "$$tardir"'
am__untar='${AMTAR} xf -'
bindir='${exec_prefix}/bin'
build='i386-apple-darwin9.8.0'
build_alias=''
build_cpu='i386'
build_os='darwin9.8.0'
build_vendor='apple'
datadir='${datarootdir}'
datarootdir='${prefix}/share'
docdir='${datarootdir}/doc/${PACKAGE_TARNAME}'
dvidir='${docdir}'
exec_prefix='${prefix}'
host='i386-apple-darwin9.8.0'
host_alias=''
host_cpu='i386'
host_os='darwin9.8.0'
host_vendor='apple'
htmldir='${docdir}'
includedir='${prefix}/include'
infodir='${datarootdir}/info'
install_sh='$(SHELL) /Users/bchisham/cdaotools/trunk/config/install-sh'
libdir='${exec_prefix}/lib'
libexecdir='${exec_prefix}/libexec'
localedir='${datarootdir}/locale'
localstatedir='${prefix}/var'
lt_ECHO='/bin/echo'
mandir='${datarootdir}/man'
mkdir_p='$(top_builddir)/config/install-sh -c -d'
oldincludedir='/usr/include'
pdfdir='${docdir}'
prefix='/Users/bchisham'
program_transform_name='s,x,x,'
psdir='${docdir}'
sbindir='${exec_prefix}/sbin'
sharedstatedir='${prefix}/com'
subdirs=' lib/ncl-2.1.06 lib/CppLoggerV2'
sysconfdir='${prefix}/etc'
target_alias=''

## ----------- ##
## confdefs.h. ##
## ----------- ##

#define PACKAGE_NAME "CdaoTranslator"
#define PACKAGE_TARNAME "cdaotranslator"
#define PACKAGE_VERSION "0.2"
#define PACKAGE_STRING "CdaoTranslator 0.2"
#define PACKAGE_BUGREPORT "bchisham@cs.nmsu.edu"
#define PACKAGE "CdaoTranslator"
#define VERSION "0.2"
#define STDC_HEADERS 1
#define HAVE_SYS_TYPES_H 1
#define HAVE_SYS_STAT_H 1
#define HAVE_STDLIB_H 1
#define HAVE_STRING_H 1
#define HAVE_MEMORY_H 1
#define HAVE_STRINGS_H 1
#define HAVE_INTTYPES_H 1
#define HAVE_STDINT_H 1
#define HAVE_UNISTD_H 1
#define HAVE_DLFCN_H 1
#define LT_OBJDIR ".libs/"
#define STDC_HEADERS 1
#define HAVE_FLOAT_H 1
#define HAVE_LIMITS_H 1
#define HAVE_STDLIB_H 1
#define HAVE__BOOL 1
#define HAVE_STDBOOL_H 1
#define HAVE_MEMMOVE 1
#define HAVE_STRCHR 1

configure: exit 0

## ---------------------- ##
## Running config.status. ##
## ---------------------- ##

This file was extended by CdaoTranslator config.status 0.2, which was
generated by GNU Autoconf 2.63.  Invocation command line was

  CONFIG_FILES    = 
  CONFIG_HEADERS  = 
  CONFIG_LINKS    = 
  CONFIG_COMMANDS = 
  $ ./config.status 

on lacey-parsons.local

config.status:1055: creating Makefile
config.status:1055: creating src/Makefile
config.status:1055: creating src/codegen/Makefile
config.status:1055: creating src/grammar/Makefile
config.status:1055: creating src/grammar/nexus/Makefile
config.status:1055: creating lib/Makefile
config.status:1055: creating src/config.h
config.status:1277: src/config.h is unchanged
config.status:1329: executing depfiles commands
config.status:1329: executing libtool commands

## ---------------------- ##
## Running config.status. ##
## ---------------------- ##

This file was extended by CdaoTranslator config.status 0.2, which was
generated by GNU Autoconf 2.63.  Invocation command line was

  CONFIG_FILES    = 
  CONFIG_HEADERS  = 
  CONFIG_LINKS    = 
  CONFIG_COMMANDS = 
  $ ./config.status src/config.h

on lacey-parsons.local

config.status:1055: creating src/config.h
config.status:1277: src/config.h is unchanged
