This file contains any messages produced by compilers while
running configure, to aid debugging if configure makes a mistake.

It was created by NCL configure 2.0.02, which was
generated by GNU Autoconf 2.63.  Invocation command line was

  $ ./configure --disable-option-checking --prefix=/home/bchisham --cache-file=/dev/null --srcdir=.

## --------- ##
## Platform. ##
## --------- ##

hostname = lacey
uname -m = i686
uname -r = 2.6.28-15-generic
uname -s = Linux
uname -v = #52-Ubuntu SMP Wed Sep 9 10:49:34 UTC 2009

/usr/bin/uname -p = unknown
/bin/uname -X     = unknown

/bin/arch              = unknown
/usr/bin/arch -k       = unknown
/usr/convex/getsysinfo = unknown
/usr/bin/hostinfo      = unknown
/bin/machine           = unknown
/usr/bin/oslevel       = unknown
/bin/universe          = unknown

PATH: /usr/bin/java/bin
PATH: /opt/openoffice.org2.0/program
PATH: /usr/bin/java/bin
PATH: /opt/openoffice.org2.0/program
PATH: /usr/local/sbin
PATH: /usr/local/bin
PATH: /usr/sbin
PATH: /usr/bin
PATH: /sbin
PATH: /bin
PATH: /usr/games
PATH: /home/bchisham/bin
PATH: /home/bchisham/OpenOffice.org1.1.0
PATH: /home/bchisham/bin
PATH: /home/bchisham/OpenOffice.org1.1.0


## ----------- ##
## Core tests. ##
## ----------- ##

configure:2099: checking for a BSD-compatible install
configure:2167: result: /usr/bin/install -c
configure:2178: checking whether build environment is sane
configure:2221: result: yes
configure:2283: checking for gawk
configure:2299: found /usr/bin/gawk
configure:2310: result: gawk
configure:2321: checking whether make sets $(MAKE)
configure:2343: result: yes
configure:2518: checking how to create a ustar tar archive
configure:2531: tar --version
tar (GNU tar) 1.20
Copyright (C) 2008 Free Software Foundation, Inc.
License GPLv3+: GNU GPL version 3 or later <http://gnu.org/licenses/gpl.html>
This is free software: you are free to change and redistribute it.
There is NO WARRANTY, to the extent permitted by law.

Written by John Gilmore and Jay Fenlason.
configure:2534: $? = 0
configure:2574: tardir=conftest.dir && eval tar --format=ustar -chf - "$tardir" >conftest.tar
configure:2577: $? = 0
configure:2581: tar -xf - <conftest.tar
configure:2584: $? = 0
configure:2597: result: gnutar
configure:2608: checking whether ln -s works
configure:2612: result: yes
configure:2633: checking for a BSD-compatible install
configure:2701: result: /usr/bin/install -c
configure:2779: checking for g++
configure:2795: found /usr/bin/g++
configure:2806: result: g++
configure:2833: checking for C++ compiler version
configure:2841: g++ --version >&5
g++ (Ubuntu 4.3.3-5ubuntu4) 4.3.3
Copyright (C) 2008 Free Software Foundation, Inc.
This is free software; see the source for copying conditions.  There is NO
warranty; not even for MERCHANTABILITY or FITNESS FOR A PARTICULAR PURPOSE.

configure:2845: $? = 0
configure:2852: g++ -v >&5
Using built-in specs.
Target: i486-linux-gnu
Configured with: ../src/configure -v --with-pkgversion='Ubuntu 4.3.3-5ubuntu4' --with-bugurl=file:///usr/share/doc/gcc-4.3/README.Bugs --enable-languages=c,c++,fortran,objc,obj-c++ --prefix=/usr --enable-shared --with-system-zlib --libexecdir=/usr/lib --without-included-gettext --enable-threads=posix --enable-nls --with-gxx-include-dir=/usr/include/c++/4.3 --program-suffix=-4.3 --enable-clocale=gnu --enable-libstdcxx-debug --enable-objc-gc --enable-mpfr --enable-targets=all --with-tune=generic --enable-checking=release --build=i486-linux-gnu --host=i486-linux-gnu --target=i486-linux-gnu
Thread model: posix
gcc version 4.3.3 (Ubuntu 4.3.3-5ubuntu4) 
configure:2856: $? = 0
configure:2863: g++ -V >&5
g++: '-V' option must have argument
configure:2867: $? = 1
configure:2890: checking for C++ compiler default output file name
configure:2912: g++    conftest.cpp  >&5
configure:2916: $? = 0
configure:2954: result: a.out
configure:2973: checking whether the C++ compiler works
configure:2983: ./a.out
configure:2987: $? = 0
configure:3006: result: yes
configure:3013: checking whether we are cross compiling
configure:3015: result: no
configure:3018: checking for suffix of executables
configure:3025: g++ -o conftest    conftest.cpp  >&5
configure:3029: $? = 0
configure:3055: result: 
configure:3061: checking for suffix of object files
configure:3087: g++ -c   conftest.cpp >&5
configure:3091: $? = 0
configure:3116: result: o
configure:3120: checking whether we are using the GNU C++ compiler
configure:3149: g++ -c   conftest.cpp >&5
configure:3156: $? = 0
configure:3173: result: yes
configure:3182: checking whether g++ accepts -g
configure:3212: g++ -c -g  conftest.cpp >&5
configure:3219: $? = 0
configure:3320: result: yes
configure:3354: checking for style of include used by make
configure:3382: result: GNU
configure:3410: checking dependency style of g++
configure:3500: result: gcc3
configure:3560: checking for ranlib
configure:3576: found /usr/bin/ranlib
configure:3587: result: ranlib
configure:3687: checking build system type
configure:3705: result: i686-pc-linux-gnu
configure:3727: checking host system type
configure:3742: result: i686-pc-linux-gnu
configure:3812: checking for gcc
configure:3828: found /usr/bin/gcc
configure:3839: result: gcc
configure:4071: checking for C compiler version
configure:4079: gcc --version >&5
gcc (Ubuntu 4.3.3-5ubuntu4) 4.3.3
Copyright (C) 2008 Free Software Foundation, Inc.
This is free software; see the source for copying conditions.  There is NO
warranty; not even for MERCHANTABILITY or FITNESS FOR A PARTICULAR PURPOSE.

configure:4083: $? = 0
configure:4090: gcc -v >&5
Using built-in specs.
Target: i486-linux-gnu
Configured with: ../src/configure -v --with-pkgversion='Ubuntu 4.3.3-5ubuntu4' --with-bugurl=file:///usr/share/doc/gcc-4.3/README.Bugs --enable-languages=c,c++,fortran,objc,obj-c++ --prefix=/usr --enable-shared --with-system-zlib --libexecdir=/usr/lib --without-included-gettext --enable-threads=posix --enable-nls --with-gxx-include-dir=/usr/include/c++/4.3 --program-suffix=-4.3 --enable-clocale=gnu --enable-libstdcxx-debug --enable-objc-gc --enable-mpfr --enable-targets=all --with-tune=generic --enable-checking=release --build=i486-linux-gnu --host=i486-linux-gnu --target=i486-linux-gnu
Thread model: posix
gcc version 4.3.3 (Ubuntu 4.3.3-5ubuntu4) 
configure:4094: $? = 0
configure:4101: gcc -V >&5
gcc: '-V' option must have argument
configure:4105: $? = 1
configure:4108: checking whether we are using the GNU C compiler
configure:4137: gcc -c   conftest.c >&5
configure:4144: $? = 0
configure:4161: result: yes
configure:4170: checking whether gcc accepts -g
configure:4200: gcc -c -g  conftest.c >&5
configure:4207: $? = 0
configure:4308: result: yes
configure:4325: checking for gcc option to accept ISO C89
configure:4399: gcc  -c -g -O2  conftest.c >&5
configure:4406: $? = 0
configure:4429: result: none needed
configure:4449: checking dependency style of gcc
configure:4539: result: gcc3
configure:4556: checking for a sed that does not truncate output
configure:4610: result: /bin/sed
configure:4613: checking for grep that handles long lines and -e
configure:4673: result: /bin/grep
configure:4678: checking for egrep
configure:4742: result: /bin/grep -E
configure:4758: checking for ld used by gcc
configure:4825: result: /usr/bin/ld
configure:4834: checking if the linker (/usr/bin/ld) is GNU ld
configure:4849: result: yes
configure:4854: checking for /usr/bin/ld option to reload object files
configure:4861: result: -r
configure:4879: checking for BSD-compatible nm
configure:4921: result: /usr/bin/nm -B
configure:4925: checking how to recognise dependent libraries
configure:5097: result: pass_all
configure:5312: checking how to run the C preprocessor
configure:5352: gcc -E  conftest.c
configure:5359: $? = 0
configure:5390: gcc -E  conftest.c
conftest.c:10:28: error: ac_nonexistent.h: No such file or directory
configure:5397: $? = 1
configure: failed program was:
| /* confdefs.h.  */
| #define PACKAGE_NAME "NCL"
| #define PACKAGE_TARNAME "ncl"
| #define PACKAGE_VERSION "2.0.02"
| #define PACKAGE_STRING "NCL 2.0.02"
| #define PACKAGE_BUGREPORT "paul.lewis@uconn.edu"
| #define PACKAGE "ncl"
| #define VERSION "2.0.02"
| /* end confdefs.h.  */
| #include <ac_nonexistent.h>
configure:5430: result: gcc -E
configure:5459: gcc -E  conftest.c
configure:5466: $? = 0
configure:5497: gcc -E  conftest.c
conftest.c:10:28: error: ac_nonexistent.h: No such file or directory
configure:5504: $? = 1
configure: failed program was:
| /* confdefs.h.  */
| #define PACKAGE_NAME "NCL"
| #define PACKAGE_TARNAME "ncl"
| #define PACKAGE_VERSION "2.0.02"
| #define PACKAGE_STRING "NCL 2.0.02"
| #define PACKAGE_BUGREPORT "paul.lewis@uconn.edu"
| #define PACKAGE "ncl"
| #define VERSION "2.0.02"
| /* end confdefs.h.  */
| #include <ac_nonexistent.h>
configure:5544: checking for ANSI C header files
configure:5574: gcc -c -g -O2  conftest.c >&5
configure:5581: $? = 0
configure:5680: gcc -o conftest -g -O2   conftest.c  >&5
configure:5684: $? = 0
configure:5690: ./conftest
configure:5694: $? = 0
configure:5712: result: yes
configure:5736: checking for sys/types.h
configure:5757: gcc -c -g -O2  conftest.c >&5
configure:5764: $? = 0
configure:5781: result: yes
configure:5736: checking for sys/stat.h
configure:5757: gcc -c -g -O2  conftest.c >&5
configure:5764: $? = 0
configure:5781: result: yes
configure:5736: checking for stdlib.h
configure:5757: gcc -c -g -O2  conftest.c >&5
configure:5764: $? = 0
configure:5781: result: yes
configure:5736: checking for string.h
configure:5757: gcc -c -g -O2  conftest.c >&5
configure:5764: $? = 0
configure:5781: result: yes
configure:5736: checking for memory.h
configure:5757: gcc -c -g -O2  conftest.c >&5
configure:5764: $? = 0
configure:5781: result: yes
configure:5736: checking for strings.h
configure:5757: gcc -c -g -O2  conftest.c >&5
configure:5764: $? = 0
configure:5781: result: yes
configure:5736: checking for inttypes.h
configure:5757: gcc -c -g -O2  conftest.c >&5
configure:5764: $? = 0
configure:5781: result: yes
configure:5736: checking for stdint.h
configure:5757: gcc -c -g -O2  conftest.c >&5
configure:5764: $? = 0
configure:5781: result: yes
configure:5736: checking for unistd.h
configure:5757: gcc -c -g -O2  conftest.c >&5
configure:5764: $? = 0
configure:5781: result: yes
configure:5811: checking dlfcn.h usability
configure:5828: gcc -c -g -O2  conftest.c >&5
configure:5835: $? = 0
configure:5849: result: yes
configure:5853: checking dlfcn.h presence
configure:5868: gcc -E  conftest.c
configure:5875: $? = 0
configure:5889: result: yes
configure:5922: checking for dlfcn.h
configure:5931: result: yes
configure:5956: checking how to run the C++ preprocessor
configure:5992: g++ -E  conftest.cpp
configure:5999: $? = 0
configure:6030: g++ -E  conftest.cpp
conftest.cpp:21:28: error: ac_nonexistent.h: No such file or directory
configure:6037: $? = 1
configure: failed program was:
| /* confdefs.h.  */
| #define PACKAGE_NAME "NCL"
| #define PACKAGE_TARNAME "ncl"
| #define PACKAGE_VERSION "2.0.02"
| #define PACKAGE_STRING "NCL 2.0.02"
| #define PACKAGE_BUGREPORT "paul.lewis@uconn.edu"
| #define PACKAGE "ncl"
| #define VERSION "2.0.02"
| #define STDC_HEADERS 1
| #define HAVE_SYS_TYPES_H 1
| #define HAVE_SYS_STAT_H 1
| #define HAVE_STDLIB_H 1
| #define HAVE_STRING_H 1
| #define HAVE_MEMORY_H 1
| #define HAVE_STRINGS_H 1
| #define HAVE_INTTYPES_H 1
| #define HAVE_STDINT_H 1
| #define HAVE_UNISTD_H 1
| #define HAVE_DLFCN_H 1
| /* end confdefs.h.  */
| #include <ac_nonexistent.h>
configure:6070: result: g++ -E
configure:6099: g++ -E  conftest.cpp
configure:6106: $? = 0
configure:6137: g++ -E  conftest.cpp
conftest.cpp:21:28: error: ac_nonexistent.h: No such file or directory
configure:6144: $? = 1
configure: failed program was:
| /* confdefs.h.  */
| #define PACKAGE_NAME "NCL"
| #define PACKAGE_TARNAME "ncl"
| #define PACKAGE_VERSION "2.0.02"
| #define PACKAGE_STRING "NCL 2.0.02"
| #define PACKAGE_BUGREPORT "paul.lewis@uconn.edu"
| #define PACKAGE "ncl"
| #define VERSION "2.0.02"
| #define STDC_HEADERS 1
| #define HAVE_SYS_TYPES_H 1
| #define HAVE_SYS_STAT_H 1
| #define HAVE_STDLIB_H 1
| #define HAVE_STRING_H 1
| #define HAVE_MEMORY_H 1
| #define HAVE_STRINGS_H 1
| #define HAVE_INTTYPES_H 1
| #define HAVE_STDINT_H 1
| #define HAVE_UNISTD_H 1
| #define HAVE_DLFCN_H 1
| /* end confdefs.h.  */
| #include <ac_nonexistent.h>
configure:6239: checking for g77
configure:6269: result: no
configure:6239: checking for xlf
configure:6269: result: no
configure:6239: checking for f77
configure:6269: result: no
configure:6239: checking for frt
configure:6269: result: no
configure:6239: checking for pgf77
configure:6269: result: no
configure:6239: checking for cf77
configure:6269: result: no
configure:6239: checking for fort77
configure:6269: result: no
configure:6239: checking for fl32
configure:6269: result: no
configure:6239: checking for af77
configure:6269: result: no
configure:6239: checking for xlf90
configure:6269: result: no
configure:6239: checking for f90
configure:6269: result: no
configure:6239: checking for pgf90
configure:6269: result: no
configure:6239: checking for pghpf
configure:6269: result: no
configure:6239: checking for epcf90
configure:6269: result: no
configure:6239: checking for gfortran
configure:6269: result: no
configure:6239: checking for g95
configure:6269: result: no
configure:6239: checking for xlf95
configure:6269: result: no
configure:6239: checking for f95
configure:6269: result: no
configure:6239: checking for fort
configure:6269: result: no
configure:6239: checking for ifort
configure:6269: result: no
configure:6239: checking for ifc
configure:6269: result: no
configure:6239: checking for efc
configure:6269: result: no
configure:6239: checking for pgf95
configure:6269: result: no
configure:6239: checking for lf95
configure:6269: result: no
configure:6239: checking for ftn
configure:6269: result: no
configure:6292: checking for Fortran 77 compiler version
configure:6300:  --version >&5
./configure: line 6302: --version: command not found
configure:6304: $? = 127
configure:6311:  -v >&5
./configure: line 6313: -v: command not found
configure:6315: $? = 127
configure:6322:  -V >&5
./configure: line 6324: -V: command not found
configure:6326: $? = 127
configure:6334: checking whether we are using the GNU Fortran 77 compiler
configure:6353:  -c  conftest.F >&5
./configure: line 6355: -c: command not found
configure:6360: $? = 127
configure: failed program was:
|       program main
| #ifndef __GNUC__
|        choke me
| #endif
| 
|       end
configure:6377: result: no
configure:6383: checking whether  accepts -g
configure:6400:  -c -g conftest.f >&5
./configure: line 6402: -c: command not found
configure:6407: $? = 127
configure: failed program was:
|       program main
| 
|       end
configure:6423: result: no
configure:6457: checking the maximum length of command line arguments
configure:6549: result: 32768
configure:6560: checking command to parse /usr/bin/nm -B output from gcc object
configure:6656: gcc -c -g -O2  conftest.c >&5
configure:6659: $? = 0
configure:6663: /usr/bin/nm -B conftest.o \| sed -n -e 's/^.*[ 	]\([ABCDGIRSTW][ABCDGIRSTW]*\)[ 	][ 	]*\([_A-Za-z][_A-Za-z0-9]*\)$/\1 \2 \2/p' \> conftest.nm
configure:6666: $? = 0
configure:6718: gcc -o conftest -g -O2   conftest.c conftstm.o >&5
configure:6721: $? = 0
configure:6759: result: ok
configure:6763: checking for objdir
configure:6778: result: .libs
configure:6870: checking for ar
configure:6886: found /usr/bin/ar
configure:6897: result: ar
configure:6962: checking for ranlib
configure:6989: result: ranlib
configure:7054: checking for strip
configure:7070: found /usr/bin/strip
configure:7081: result: strip
configure:7378: checking if gcc static flag  works
configure:7406: result: yes
configure:7428: checking if gcc supports -fno-rtti -fno-exceptions
configure:7446: gcc -c -g -O2  -fno-rtti -fno-exceptions conftest.c >&5
cc1: warning: command line option "-fno-rtti" is valid for C++/ObjC++ but not for C
configure:7450: $? = 0
configure:7463: result: no
configure:7478: checking for gcc option to produce PIC
configure:7682: result: -fPIC
configure:7690: checking if gcc PIC flag -fPIC works
configure:7708: gcc -c -g -O2  -fPIC -DPIC conftest.c >&5
configure:7712: $? = 0
configure:7725: result: yes
configure:7749: checking if gcc supports -c -o file.o
configure:7770: gcc -c -g -O2  -o out/conftest2.o conftest.c >&5
configure:7774: $? = 0
configure:7796: result: yes
configure:7822: checking whether the gcc linker (/usr/bin/ld) supports shared libraries
configure:8721: result: yes
configure:8747: checking whether -lc should be explicitly linked in
configure:8752: gcc -c -g -O2  conftest.c >&5
configure:8755: $? = 0
configure:8769: gcc -shared conftest.o  -v -Wl,-soname -Wl,conftest -o conftest 2\>\&1 \| grep  -lc  \>/dev/null 2\>\&1
configure:8772: $? = 0
configure:8784: result: no
configure:8792: checking dynamic linker characteristics
configure:9355: result: GNU/Linux ld.so
configure:9359: checking how to hardcode library paths into programs
configure:9384: result: immediate
configure:9398: checking whether stripping libraries is possible
configure:9403: result: yes
configure:10228: checking if libtool supports shared libraries
configure:10230: result: yes
configure:10233: checking whether to build shared libraries
configure:10254: result: yes
configure:10257: checking whether to build static libraries
configure:10261: result: yes
configure:10353: creating libtool
configure:10931: checking for ld used by g++
configure:10998: result: /usr/bin/ld
configure:11007: checking if the linker (/usr/bin/ld) is GNU ld
configure:11022: result: yes
configure:11073: checking whether the g++ linker (/usr/bin/ld) supports shared libraries
configure:11964: result: yes
configure:11986: g++ -c -g -O2  conftest.cc >&5
configure:11989: $? = 0
configure:12085: checking for g++ option to produce PIC
configure:12353: result: -fPIC
configure:12361: checking if g++ PIC flag -fPIC works
configure:12379: g++ -c -g -O2  -fPIC -DPIC conftest.cc >&5
configure:12383: $? = 0
configure:12396: result: yes
configure:12420: checking if g++ supports -c -o file.o
configure:12441: g++ -c -g -O2  -o out/conftest2.o conftest.cc >&5
configure:12445: $? = 0
configure:12467: result: yes
configure:12493: checking whether the g++ linker (/usr/bin/ld) supports shared libraries
configure:12518: result: yes
configure:12589: checking dynamic linker characteristics
configure:13152: result: GNU/Linux ld.so
configure:13156: checking how to hardcode library paths into programs
configure:13181: result: immediate
configure:13195: checking whether stripping libraries is possible
configure:13200: result: yes
configure:20816: checking for ANSI C header files
configure:20984: result: yes
configure:21011: checking float.h usability
configure:21028: gcc -c -g -O2  conftest.c >&5
configure:21035: $? = 0
configure:21049: result: yes
configure:21053: checking float.h presence
configure:21068: gcc -E  conftest.c
configure:21075: $? = 0
configure:21089: result: yes
configure:21122: checking for float.h
configure:21131: result: yes
configure:21000: checking for stdlib.h
configure:21007: result: yes
configure:21148: checking for stdbool.h that conforms to C99
configure:21243: gcc -c -g -O2  conftest.c >&5
configure:21250: $? = 0
configure:21265: result: yes
configure:21267: checking for _Bool
configure:21295: gcc -c -g -O2  conftest.c >&5
configure:21302: $? = 0
configure:21329: gcc -c -g -O2  conftest.c >&5
conftest.c: In function 'main':
conftest.c:60: error: expected expression before ')' token
configure:21336: $? = 1
configure: failed program was:
| /* confdefs.h.  */
| #define PACKAGE_NAME "NCL"
| #define PACKAGE_TARNAME "ncl"
| #define PACKAGE_VERSION "2.0.02"
| #define PACKAGE_STRING "NCL 2.0.02"
| #define PACKAGE_BUGREPORT "paul.lewis@uconn.edu"
| #define PACKAGE "ncl"
| #define VERSION "2.0.02"
| #define STDC_HEADERS 1
| #define HAVE_SYS_TYPES_H 1
| #define HAVE_SYS_STAT_H 1
| #define HAVE_STDLIB_H 1
| #define HAVE_STRING_H 1
| #define HAVE_MEMORY_H 1
| #define HAVE_STRINGS_H 1
| #define HAVE_INTTYPES_H 1
| #define HAVE_STDINT_H 1
| #define HAVE_UNISTD_H 1
| #define HAVE_DLFCN_H 1
| #define STDC_HEADERS 1
| #define HAVE_FLOAT_H 1
| #define HAVE_STDLIB_H 1
| /* end confdefs.h.  */
| #include <stdio.h>
| #ifdef HAVE_SYS_TYPES_H
| # include <sys/types.h>
| #endif
| #ifdef HAVE_SYS_STAT_H
| # include <sys/stat.h>
| #endif
| #ifdef STDC_HEADERS
| # include <stdlib.h>
| # include <stddef.h>
| #else
| # ifdef HAVE_STDLIB_H
| #  include <stdlib.h>
| # endif
| #endif
| #ifdef HAVE_STRING_H
| # if !defined STDC_HEADERS && defined HAVE_MEMORY_H
| #  include <memory.h>
| # endif
| # include <string.h>
| #endif
| #ifdef HAVE_STRINGS_H
| # include <strings.h>
| #endif
| #ifdef HAVE_INTTYPES_H
| # include <inttypes.h>
| #endif
| #ifdef HAVE_STDINT_H
| # include <stdint.h>
| #endif
| #ifdef HAVE_UNISTD_H
| # include <unistd.h>
| #endif
| int
| main ()
| {
| if (sizeof ((_Bool)))
| 	  return 0;
|   ;
|   return 0;
| }
configure:21359: result: yes
configure:21378: checking for an ANSI C-conforming const
configure:21453: gcc -c -g -O2  conftest.c >&5
configure:21460: $? = 0
configure:21475: result: yes
configure:21485: checking for inline
configure:21511: gcc -c -g -O2  conftest.c >&5
configure:21518: $? = 0
configure:21536: result: inline
configure:21555: checking whether struct tm is in sys/time.h or time.h
configure:21585: gcc -c -g -O2  conftest.c >&5
configure:21592: $? = 0
configure:21607: result: time.h
configure:21619: checking whether time.h and sys/time.h may both be included
configure:21649: gcc -c -g -O2  conftest.c >&5
configure:21656: $? = 0
configure:21671: result: yes
configure:21700: checking sys/time.h usability
configure:21717: gcc -c -g -O2  conftest.c >&5
configure:21724: $? = 0
configure:21738: result: yes
configure:21742: checking sys/time.h presence
configure:21757: gcc -E  conftest.c
configure:21764: $? = 0
configure:21778: result: yes
configure:21811: checking for sys/time.h
configure:21820: result: yes
configure:21689: checking for unistd.h
configure:21696: result: yes
configure:21846: checking for alarm
configure:21902: gcc -o conftest -g -O2   conftest.c  >&5
configure:21909: $? = 0
configure:21931: result: yes
configure:21959: checking for working mktime
configure:22174: gcc -o conftest -g -O2   conftest.c  >&5
configure:22178: $? = 0
configure:22184: ./conftest
configure:22188: $? = 0
configure:22205: result: yes
configure:22216: checking for working strtod
configure:22267: gcc -o conftest -g -O2   conftest.c  >&5
conftest.c: In function 'main':
conftest.c:85: warning: ignoring return value of 'strtod', declared with attribute warn_unused_result
configure:22271: $? = 0
configure:22277: ./conftest
configure:22281: $? = 0
configure:22298: result: yes
configure:22476: checking for memmove
configure:22532: gcc -o conftest -g -O2   conftest.c  >&5
conftest.c:53: warning: conflicting types for built-in function 'memmove'
configure:22539: $? = 0
configure:22561: result: yes
configure:22476: checking for strchr
configure:22532: gcc -o conftest -g -O2   conftest.c  >&5
conftest.c:54: warning: conflicting types for built-in function 'strchr'
configure:22539: $? = 0
configure:22561: result: yes
configure:22476: checking for strtol
configure:22532: gcc -o conftest -g -O2   conftest.c  >&5
configure:22539: $? = 0
configure:22561: result: yes
configure:22574: checking whether make sets $(MAKE)
configure:22596: result: yes
configure:22731: creating ./config.status

## ---------------------- ##
## Running config.status. ##
## ---------------------- ##

This file was extended by NCL config.status 2.0.02, which was
generated by GNU Autoconf 2.63.  Invocation command line was

  CONFIG_FILES    = 
  CONFIG_HEADERS  = 
  CONFIG_LINKS    = 
  CONFIG_COMMANDS = 
  $ ./config.status 

on lacey

config.status:809: creating Makefile
config.status:956: WARNING:  'Makefile.in' seems to ignore the --datarootdir setting
config.status:809: creating example/Makefile
config.status:956: WARNING:  'example/Makefile.in' seems to ignore the --datarootdir setting
config.status:809: creating example/ncltest/Makefile
config.status:956: WARNING:  'example/ncltest/Makefile.in' seems to ignore the --datarootdir setting
config.status:809: creating example/nclsimplest/Makefile
config.status:956: WARNING:  'example/nclsimplest/Makefile.in' seems to ignore the --datarootdir setting
config.status:809: creating example/basiccmdline/Makefile
config.status:956: WARNING:  'example/basiccmdline/Makefile.in' seems to ignore the --datarootdir setting
config.status:809: creating example/normalizer/Makefile
config.status:956: WARNING:  'example/normalizer/Makefile.in' seems to ignore the --datarootdir setting
config.status:809: creating ncl/Makefile
config.status:956: WARNING:  'ncl/Makefile.in' seems to ignore the --datarootdir setting
config.status:809: creating config.h
config.status:1025: config.h is unchanged
config.status:1076: executing depfiles commands

## ---------------- ##
## Cache variables. ##
## ---------------- ##

ac_cv_build=i686-pc-linux-gnu
ac_cv_c_compiler_gnu=yes
ac_cv_c_const=yes
ac_cv_c_inline=inline
ac_cv_cxx_compiler_gnu=yes
ac_cv_env_CCC_set=
ac_cv_env_CCC_value=
ac_cv_env_CC_set=
ac_cv_env_CC_value=
ac_cv_env_CFLAGS_set=
ac_cv_env_CFLAGS_value=
ac_cv_env_CPPFLAGS_set=
ac_cv_env_CPPFLAGS_value=
ac_cv_env_CPP_set=
ac_cv_env_CPP_value=
ac_cv_env_CXXCPP_set=
ac_cv_env_CXXCPP_value=
ac_cv_env_CXXFLAGS_set=
ac_cv_env_CXXFLAGS_value=
ac_cv_env_CXX_set=
ac_cv_env_CXX_value=
ac_cv_env_F77_set=
ac_cv_env_F77_value=
ac_cv_env_FFLAGS_set=
ac_cv_env_FFLAGS_value=
ac_cv_env_LDFLAGS_set=
ac_cv_env_LDFLAGS_value=
ac_cv_env_LIBS_set=
ac_cv_env_LIBS_value=
ac_cv_env_build_alias_set=
ac_cv_env_build_alias_value=
ac_cv_env_host_alias_set=
ac_cv_env_host_alias_value=
ac_cv_env_target_alias_set=
ac_cv_env_target_alias_value=
ac_cv_f77_compiler_gnu=no
ac_cv_func_alarm=yes
ac_cv_func_memmove=yes
ac_cv_func_strchr=yes
ac_cv_func_strtod=yes
ac_cv_func_strtol=yes
ac_cv_func_working_mktime=yes
ac_cv_header_dlfcn_h=yes
ac_cv_header_float_h=yes
ac_cv_header_inttypes_h=yes
ac_cv_header_memory_h=yes
ac_cv_header_stdbool_h=yes
ac_cv_header_stdc=yes
ac_cv_header_stdint_h=yes
ac_cv_header_stdlib_h=yes
ac_cv_header_string_h=yes
ac_cv_header_strings_h=yes
ac_cv_header_sys_stat_h=yes
ac_cv_header_sys_time_h=yes
ac_cv_header_sys_types_h=yes
ac_cv_header_time=yes
ac_cv_header_unistd_h=yes
ac_cv_host=i686-pc-linux-gnu
ac_cv_objext=o
ac_cv_path_EGREP='/bin/grep -E'
ac_cv_path_GREP=/bin/grep
ac_cv_path_install='/usr/bin/install -c'
ac_cv_prog_AWK=gawk
ac_cv_prog_CPP='gcc -E'
ac_cv_prog_CXXCPP='g++ -E'
ac_cv_prog_ac_ct_AR=ar
ac_cv_prog_ac_ct_CC=gcc
ac_cv_prog_ac_ct_CXX=g++
ac_cv_prog_ac_ct_RANLIB=ranlib
ac_cv_prog_ac_ct_STRIP=strip
ac_cv_prog_cc_c89=
ac_cv_prog_cc_g=yes
ac_cv_prog_cxx_g=yes
ac_cv_prog_f77_g=no
ac_cv_prog_make_make_set=yes
ac_cv_struct_tm=time.h
ac_cv_type__Bool=yes
am_cv_CC_dependencies_compiler_type=gcc3
am_cv_CXX_dependencies_compiler_type=gcc3
am_cv_prog_tar_ustar=gnutar
lt_cv_deplibs_check_method=pass_all
lt_cv_file_magic_cmd='$MAGIC_CMD'
lt_cv_file_magic_test_file=
lt_cv_ld_reload_flag=-r
lt_cv_objdir=.libs
lt_cv_path_LD=/usr/bin/ld
lt_cv_path_LDCXX=/usr/bin/ld
lt_cv_path_NM='/usr/bin/nm -B'
lt_cv_path_SED=/bin/sed
lt_cv_prog_compiler_c_o=yes
lt_cv_prog_compiler_c_o_CXX=yes
lt_cv_prog_compiler_rtti_exceptions=no
lt_cv_prog_gnu_ld=yes
lt_cv_prog_gnu_ldcxx=yes
lt_cv_sys_global_symbol_pipe='sed -n -e '\''s/^.*[ 	]\([ABCDGIRSTW][ABCDGIRSTW]*\)[ 	][ 	]*\([_A-Za-z][_A-Za-z0-9]*\)$/\1 \2 \2/p'\'''
lt_cv_sys_global_symbol_to_c_name_address='sed -n -e '\''s/^: \([^ ]*\) $/  {\"\1\", (lt_ptr) 0},/p'\'' -e '\''s/^[BCDEGRST] \([^ ]*\) \([^ ]*\)$/  {"\2", (lt_ptr) \&\2},/p'\'''
lt_cv_sys_global_symbol_to_cdecl='sed -n -e '\''s/^. .* \(.*\)$/extern int \1;/p'\'''
lt_cv_sys_max_cmd_len=32768
lt_lt_cv_prog_compiler_c_o='"yes"'
lt_lt_cv_prog_compiler_c_o_CXX='"yes"'
lt_lt_cv_sys_global_symbol_pipe='"sed -n -e '\''s/^.*[ 	]\\([ABCDGIRSTW][ABCDGIRSTW]*\\)[ 	][ 	]*\\([_A-Za-z][_A-Za-z0-9]*\\)\$/\\1 \\2 \\2/p'\''"'
lt_lt_cv_sys_global_symbol_to_c_name_address='"sed -n -e '\''s/^: \\([^ ]*\\) \$/  {\\\"\\1\\\", (lt_ptr) 0},/p'\'' -e '\''s/^[BCDEGRST] \\([^ ]*\\) \\([^ ]*\\)\$/  {\"\\2\", (lt_ptr) \\&\\2},/p'\''"'
lt_lt_cv_sys_global_symbol_to_cdecl='"sed -n -e '\''s/^. .* \\(.*\\)\$/extern int \\1;/p'\''"'

## ----------------- ##
## Output variables. ##
## ----------------- ##

ACLOCAL='${SHELL} /home/bchisham/nmsu/cdaotools/trunk/lib/ncl-2.0.02/config/missing --run aclocal-1.9'
AMDEPBACKSLASH='\'
AMDEP_FALSE='#'
AMDEP_TRUE=''
AMTAR='${SHELL} /home/bchisham/nmsu/cdaotools/trunk/lib/ncl-2.0.02/config/missing --run tar'
AR='ar'
AUTOCONF='${SHELL} /home/bchisham/nmsu/cdaotools/trunk/lib/ncl-2.0.02/config/missing --run autoconf'
AUTOHEADER='${SHELL} /home/bchisham/nmsu/cdaotools/trunk/lib/ncl-2.0.02/config/missing --run autoheader'
AUTOMAKE='${SHELL} /home/bchisham/nmsu/cdaotools/trunk/lib/ncl-2.0.02/config/missing --run automake-1.9'
AWK='gawk'
CC='gcc'
CCDEPMODE='depmode=gcc3'
CFLAGS='-g -O2'
CPP='gcc -E'
CPPFLAGS=''
CXX='g++'
CXXCPP='g++ -E'
CXXDEPMODE='depmode=gcc3'
CXXFLAGS=' -O3 -ffast-math '
CYGPATH_W='echo'
DEFS='-DHAVE_CONFIG_H'
DEPDIR='.deps'
ECHO='echo'
ECHO_C=''
ECHO_N='-n'
ECHO_T=''
EGREP='/bin/grep -E'
EXEEXT=''
F77=''
FFLAGS=''
GREP='/bin/grep'
INSTALL_DATA='${INSTALL} -m 644'
INSTALL_PROGRAM='${INSTALL}'
INSTALL_SCRIPT='${INSTALL}'
INSTALL_STRIP_PROGRAM='${SHELL} $(install_sh) -c -s'
LDFLAGS=''
LIBOBJS=''
LIBS=''
LIBTOOL='$(SHELL) $(top_builddir)/libtool'
LN_S='ln -s'
LTLIBOBJS=''
MAKEINFO='${SHELL} /home/bchisham/nmsu/cdaotools/trunk/lib/ncl-2.0.02/config/missing --run makeinfo'
OBJEXT='o'
PACKAGE='ncl'
PACKAGE_BUGREPORT='paul.lewis@uconn.edu'
PACKAGE_NAME='NCL'
PACKAGE_STRING='NCL 2.0.02'
PACKAGE_TARNAME='ncl'
PACKAGE_VERSION='2.0.02'
PATH_SEPARATOR=':'
POW_LIB=''
RANLIB='ranlib'
SET_MAKE=''
SHELL='/bin/bash'
STRIP='strip'
VERSION='2.0.02'
ac_ct_CC='gcc'
ac_ct_CXX='g++'
ac_ct_F77=''
am__fastdepCC_FALSE='#'
am__fastdepCC_TRUE=''
am__fastdepCXX_FALSE='#'
am__fastdepCXX_TRUE=''
am__include='include'
am__leading_dot='.'
am__quote=''
am__tar='tar --format=ustar -chf - "$$tardir"'
am__untar='tar -xf -'
bindir='${exec_prefix}/bin'
build='i686-pc-linux-gnu'
build_alias=''
build_cpu='i686'
build_os='linux-gnu'
build_vendor='pc'
datadir='${datarootdir}'
datarootdir='${prefix}/share'
docdir='${datarootdir}/doc/${PACKAGE_TARNAME}'
dvidir='${docdir}'
exec_prefix='${prefix}'
host='i686-pc-linux-gnu'
host_alias=''
host_cpu='i686'
host_os='linux-gnu'
host_vendor='pc'
htmldir='${docdir}'
includedir='${prefix}/include'
infodir='${datarootdir}/info'
install_sh='/home/bchisham/nmsu/cdaotools/trunk/lib/ncl-2.0.02/config/install-sh'
libdir='${exec_prefix}/lib'
libexecdir='${exec_prefix}/libexec'
localedir='${datarootdir}/locale'
localstatedir='${prefix}/var'
mandir='${datarootdir}/man'
mkdir_p='mkdir -p --'
oldincludedir='/usr/include'
pdfdir='${docdir}'
prefix='/home/bchisham'
program_transform_name='s,x,x,'
psdir='${docdir}'
sbindir='${exec_prefix}/sbin'
sharedstatedir='${prefix}/com'
sysconfdir='${prefix}/etc'
target_alias=''

## ----------- ##
## confdefs.h. ##
## ----------- ##

#define PACKAGE_NAME "NCL"
#define PACKAGE_TARNAME "ncl"
#define PACKAGE_VERSION "2.0.02"
#define PACKAGE_STRING "NCL 2.0.02"
#define PACKAGE_BUGREPORT "paul.lewis@uconn.edu"
#define PACKAGE "ncl"
#define VERSION "2.0.02"
#define STDC_HEADERS 1
#define HAVE_SYS_TYPES_H 1
#define HAVE_SYS_STAT_H 1
#define HAVE_STDLIB_H 1
#define HAVE_STRING_H 1
#define HAVE_MEMORY_H 1
#define HAVE_STRINGS_H 1
#define HAVE_INTTYPES_H 1
#define HAVE_STDINT_H 1
#define HAVE_UNISTD_H 1
#define HAVE_DLFCN_H 1
#define STDC_HEADERS 1
#define HAVE_FLOAT_H 1
#define HAVE_STDLIB_H 1
#define HAVE__BOOL 1
#define HAVE_STDBOOL_H 1
#define TIME_WITH_SYS_TIME 1
#define HAVE_SYS_TIME_H 1
#define HAVE_UNISTD_H 1
#define HAVE_ALARM 1
#define HAVE_MEMMOVE 1
#define HAVE_STRCHR 1
#define HAVE_STRTOL 1

configure: exit 0
