This file contains any messages produced by compilers while
running configure, to aid debugging if configure makes a mistake.

It was created by CPP_LOG configure 1.0, which was
generated by GNU Autoconf 2.61.  Invocation command line was

  $ ./configure --prefix=/Users/bchisham --cache-file=/dev/null --srcdir=.

## --------- ##
## Platform. ##
## --------- ##

hostname = dhcp12.cs.nmsu.edu
uname -m = i386
uname -r = 9.8.0
uname -s = Darwin
uname -v = Darwin Kernel Version 9.8.0: Wed Jul 15 16:55:01 PDT 2009; root:xnu-1228.15.4~1/RELEASE_I386

/usr/bin/uname -p = i386
/bin/uname -X     = unknown

/bin/arch              = unknown
/usr/bin/arch -k       = unknown
/usr/convex/getsysinfo = unknown
/usr/bin/hostinfo      = Mach kernel version:
	 Darwin Kernel Version 9.8.0: Wed Jul 15 16:55:01 PDT 2009; root:xnu-1228.15.4~1/RELEASE_I386
Kernel configured for up to 2 processors.
2 processors are physically available.
2 processors are logically available.
Processor type: i486 (Intel 80486)
Processors active: 0 1
Primary memory available: 4.00 gigabytes
Default processor set: 82 tasks, 350 threads, 2 processors
Load average: 1.42, Mach factor: 0.87
/bin/machine           = unknown
/usr/bin/oslevel       = unknown
/bin/universe          = unknown

PATH: /usr/local/mysql/bin
PATH: /opt/local/bin
PATH: /opt/local/sbin
PATH: /usr/bin
PATH: /bin
PATH: /usr/sbin
PATH: /sbin
PATH: /usr/local/bin
PATH: /usr/texbin
PATH: /usr/X11/bin


## ----------- ##
## Core tests. ##
## ----------- ##

configure:1985: checking for a BSD-compatible install
configure:2041: result: /usr/bin/install -c
configure:2052: checking whether build environment is sane
configure:2095: result: yes
configure:2123: checking for a thread-safe mkdir -p
configure:2162: result: ./install-sh -c -d
configure:2175: checking for gawk
configure:2191: found /opt/local/bin/gawk
configure:2202: result: gawk
configure:2213: checking whether make sets $(MAKE)
configure:2234: result: yes
configure:2481: checking for g++
configure:2497: found /usr/bin/g++
configure:2508: result: g++
configure:2539: checking for C++ compiler version
configure:2546: g++ --version >&5
i686-apple-darwin9-g++-4.0.1 (GCC) 4.0.1 (Apple Inc. build 5493)
Copyright (C) 2005 Free Software Foundation, Inc.
This is free software; see the source for copying conditions.  There is NO
warranty; not even for MERCHANTABILITY or FITNESS FOR A PARTICULAR PURPOSE.

configure:2549: $? = 0
configure:2556: g++ -v >&5
Using built-in specs.
Target: i686-apple-darwin9
Configured with: /var/tmp/gcc/gcc-5493~1/src/configure --disable-checking -enable-werror --prefix=/usr --mandir=/share/man --enable-languages=c,objc,c++,obj-c++ --program-transform-name=/^[cg][^.-]*$/s/$/-4.0/ --with-gxx-include-dir=/include/c++/4.0.0 --with-slibdir=/usr/lib --build=i686-apple-darwin9 --with-arch=apple --with-tune=generic --host=i686-apple-darwin9 --target=i686-apple-darwin9
Thread model: posix
gcc version 4.0.1 (Apple Inc. build 5493)
configure:2559: $? = 0
configure:2566: g++ -V >&5
g++-4.0: argument to `-V' is missing
configure:2569: $? = 1
configure:2592: checking for C++ compiler default output file name
configure:2619: g++    conftest.cpp  >&5
configure:2622: $? = 0
configure:2660: result: a.out
configure:2677: checking whether the C++ compiler works
configure:2687: ./a.out
configure:2690: $? = 0
configure:2707: result: yes
configure:2714: checking whether we are cross compiling
configure:2716: result: no
configure:2719: checking for suffix of executables
configure:2726: g++ -o conftest    conftest.cpp  >&5
configure:2729: $? = 0
configure:2753: result: 
configure:2759: checking for suffix of object files
configure:2785: g++ -c   conftest.cpp >&5
configure:2788: $? = 0
configure:2811: result: o
configure:2815: checking whether we are using the GNU C++ compiler
configure:2844: g++ -c   conftest.cpp >&5
configure:2850: $? = 0
configure:2867: result: yes
configure:2872: checking whether g++ accepts -g
configure:2902: g++ -c -g  conftest.cpp >&5
configure:2908: $? = 0
configure:3007: result: yes
configure:3041: checking for style of include used by make
configure:3069: result: GNU
configure:3094: checking dependency style of g++
configure:3185: result: gcc3
configure:3200: checking whether make sets $(MAKE)
configure:3221: result: yes
configure:3278: checking for gcc
configure:3294: found /usr/bin/gcc
configure:3305: result: gcc
configure:3543: checking for C compiler version
configure:3550: gcc --version >&5
i686-apple-darwin9-gcc-4.0.1 (GCC) 4.0.1 (Apple Inc. build 5493)
Copyright (C) 2005 Free Software Foundation, Inc.
This is free software; see the source for copying conditions.  There is NO
warranty; not even for MERCHANTABILITY or FITNESS FOR A PARTICULAR PURPOSE.

configure:3553: $? = 0
configure:3560: gcc -v >&5
Using built-in specs.
Target: i686-apple-darwin9
Configured with: /var/tmp/gcc/gcc-5493~1/src/configure --disable-checking -enable-werror --prefix=/usr --mandir=/share/man --enable-languages=c,objc,c++,obj-c++ --program-transform-name=/^[cg][^.-]*$/s/$/-4.0/ --with-gxx-include-dir=/include/c++/4.0.0 --with-slibdir=/usr/lib --build=i686-apple-darwin9 --with-arch=apple --with-tune=generic --host=i686-apple-darwin9 --target=i686-apple-darwin9
Thread model: posix
gcc version 4.0.1 (Apple Inc. build 5493)
configure:3563: $? = 0
configure:3570: gcc -V >&5
gcc-4.0: argument to `-V' is missing
configure:3573: $? = 1
configure:3576: checking whether we are using the GNU C compiler
configure:3605: gcc -c   conftest.c >&5
configure:3611: $? = 0
configure:3628: result: yes
configure:3633: checking whether gcc accepts -g
configure:3663: gcc -c -g  conftest.c >&5
configure:3669: $? = 0
configure:3768: result: yes
configure:3785: checking for gcc option to accept ISO C89
configure:3859: gcc  -c -g -O2  conftest.c >&5
configure:3865: $? = 0
configure:3888: result: none needed
configure:3908: checking dependency style of gcc
configure:3999: result: gcc3
configure:4019: checking how to run the C preprocessor
configure:4059: gcc -E  conftest.c
configure:4065: $? = 0
configure:4096: gcc -E  conftest.c
conftest.c:10:28: error: ac_nonexistent.h: No such file or directory
configure:4102: $? = 1
configure: failed program was:
| /* confdefs.h.  */
| #define PACKAGE_NAME "CPP_LOG"
| #define PACKAGE_TARNAME "cpp_log"
| #define PACKAGE_VERSION "1.0"
| #define PACKAGE_STRING "CPP_LOG 1.0"
| #define PACKAGE_BUGREPORT "bchisham@brandonchisham.com"
| #define PACKAGE "CppLogger"
| #define VERSION "2.0"
| /* end confdefs.h.  */
| #include <ac_nonexistent.h>
configure:4135: result: gcc -E
configure:4164: gcc -E  conftest.c
configure:4170: $? = 0
configure:4201: gcc -E  conftest.c
conftest.c:10:28: error: ac_nonexistent.h: No such file or directory
configure:4207: $? = 1
configure: failed program was:
| /* confdefs.h.  */
| #define PACKAGE_NAME "CPP_LOG"
| #define PACKAGE_TARNAME "cpp_log"
| #define PACKAGE_VERSION "1.0"
| #define PACKAGE_STRING "CPP_LOG 1.0"
| #define PACKAGE_BUGREPORT "bchisham@brandonchisham.com"
| #define PACKAGE "CppLogger"
| #define VERSION "2.0"
| /* end confdefs.h.  */
| #include <ac_nonexistent.h>
configure:4257: checking for a BSD-compatible install
configure:4313: result: /usr/bin/install -c
configure:4324: checking whether ln -s works
configure:4328: result: yes
configure:4335: checking whether make sets $(MAKE)
configure:4356: result: yes
configure:4443: checking build system type
configure:4461: result: i386-apple-darwin9.8.0
configure:4483: checking host system type
configure:4498: result: i386-apple-darwin9.8.0
configure:4520: checking for a sed that does not truncate output
configure:4576: result: /opt/local/bin/gsed
configure:4579: checking for grep that handles long lines and -e
configure:4653: result: /usr/bin/grep
configure:4658: checking for egrep
configure:4736: result: /usr/bin/grep -E
configure:4752: checking for ld used by gcc
configure:4819: result: /usr/libexec/gcc/i686-apple-darwin9/4.0.1/ld
configure:4828: checking if the linker (/usr/libexec/gcc/i686-apple-darwin9/4.0.1/ld) is GNU ld
configure:4843: result: no
configure:4848: checking for /usr/libexec/gcc/i686-apple-darwin9/4.0.1/ld option to reload object files
configure:4855: result: -r
configure:4873: checking for BSD-compatible nm
configure:4922: result: /usr/bin/nm -p
configure:4926: checking how to recognize dependent libraries
configure:5112: result: pass_all
configure:5353: checking for ANSI C header files
configure:5383: gcc -c -g -O2  conftest.c >&5
configure:5389: $? = 0
configure:5488: gcc -o conftest -g -O2   conftest.c  >&5
configure:5491: $? = 0
configure:5497: ./conftest
configure:5500: $? = 0
configure:5517: result: yes
configure:5541: checking for sys/types.h
configure:5562: gcc -c -g -O2  conftest.c >&5
configure:5568: $? = 0
configure:5584: result: yes
configure:5541: checking for sys/stat.h
configure:5562: gcc -c -g -O2  conftest.c >&5
configure:5568: $? = 0
configure:5584: result: yes
configure:5541: checking for stdlib.h
configure:5562: gcc -c -g -O2  conftest.c >&5
configure:5568: $? = 0
configure:5584: result: yes
configure:5541: checking for string.h
configure:5562: gcc -c -g -O2  conftest.c >&5
configure:5568: $? = 0
configure:5584: result: yes
configure:5541: checking for memory.h
configure:5562: gcc -c -g -O2  conftest.c >&5
configure:5568: $? = 0
configure:5584: result: yes
configure:5541: checking for strings.h
configure:5562: gcc -c -g -O2  conftest.c >&5
configure:5568: $? = 0
configure:5584: result: yes
configure:5541: checking for inttypes.h
configure:5562: gcc -c -g -O2  conftest.c >&5
configure:5568: $? = 0
configure:5584: result: yes
configure:5541: checking for stdint.h
configure:5562: gcc -c -g -O2  conftest.c >&5
configure:5568: $? = 0
configure:5584: result: yes
configure:5541: checking for unistd.h
configure:5562: gcc -c -g -O2  conftest.c >&5
configure:5568: $? = 0
configure:5584: result: yes
configure:5611: checking dlfcn.h usability
configure:5628: gcc -c -g -O2  conftest.c >&5
configure:5634: $? = 0
configure:5648: result: yes
configure:5652: checking dlfcn.h presence
configure:5667: gcc -E  conftest.c
configure:5673: $? = 0
configure:5687: result: yes
configure:5720: checking for dlfcn.h
configure:5728: result: yes
configure:5751: checking how to run the C++ preprocessor
configure:5787: g++ -E  conftest.cpp
configure:5793: $? = 0
configure:5824: g++ -E  conftest.cpp
conftest.cpp:21:28: error: ac_nonexistent.h: No such file or directory
configure:5830: $? = 1
configure: failed program was:
| /* confdefs.h.  */
| #define PACKAGE_NAME "CPP_LOG"
| #define PACKAGE_TARNAME "cpp_log"
| #define PACKAGE_VERSION "1.0"
| #define PACKAGE_STRING "CPP_LOG 1.0"
| #define PACKAGE_BUGREPORT "bchisham@brandonchisham.com"
| #define PACKAGE "CppLogger"
| #define VERSION "2.0"
| #define STDC_HEADERS 1
| #define HAVE_SYS_TYPES_H 1
| #define HAVE_SYS_STAT_H 1
| #define HAVE_STDLIB_H 1
| #define HAVE_STRING_H 1
| #define HAVE_MEMORY_H 1
| #define HAVE_STRINGS_H 1
| #define HAVE_INTTYPES_H 1
| #define HAVE_STDINT_H 1
| #define HAVE_UNISTD_H 1
| #define HAVE_DLFCN_H 1
| /* end confdefs.h.  */
| #include <ac_nonexistent.h>
configure:5863: result: g++ -E
configure:5892: g++ -E  conftest.cpp
configure:5898: $? = 0
configure:5929: g++ -E  conftest.cpp
conftest.cpp:21:28: error: ac_nonexistent.h: No such file or directory
configure:5935: $? = 1
configure: failed program was:
| /* confdefs.h.  */
| #define PACKAGE_NAME "CPP_LOG"
| #define PACKAGE_TARNAME "cpp_log"
| #define PACKAGE_VERSION "1.0"
| #define PACKAGE_STRING "CPP_LOG 1.0"
| #define PACKAGE_BUGREPORT "bchisham@brandonchisham.com"
| #define PACKAGE "CppLogger"
| #define VERSION "2.0"
| #define STDC_HEADERS 1
| #define HAVE_SYS_TYPES_H 1
| #define HAVE_SYS_STAT_H 1
| #define HAVE_STDLIB_H 1
| #define HAVE_STRING_H 1
| #define HAVE_MEMORY_H 1
| #define HAVE_STRINGS_H 1
| #define HAVE_INTTYPES_H 1
| #define HAVE_STDINT_H 1
| #define HAVE_UNISTD_H 1
| #define HAVE_DLFCN_H 1
| /* end confdefs.h.  */
| #include <ac_nonexistent.h>
configure:6028: checking for g77
configure:6058: result: no
configure:6028: checking for xlf
configure:6058: result: no
configure:6028: checking for f77
configure:6058: result: no
configure:6028: checking for frt
configure:6058: result: no
configure:6028: checking for pgf77
configure:6058: result: no
configure:6028: checking for cf77
configure:6058: result: no
configure:6028: checking for fort77
configure:6058: result: no
configure:6028: checking for fl32
configure:6058: result: no
configure:6028: checking for af77
configure:6058: result: no
configure:6028: checking for xlf90
configure:6058: result: no
configure:6028: checking for f90
configure:6058: result: no
configure:6028: checking for pgf90
configure:6058: result: no
configure:6028: checking for pghpf
configure:6058: result: no
configure:6028: checking for epcf90
configure:6058: result: no
configure:6028: checking for gfortran
configure:6058: result: no
configure:6028: checking for g95
configure:6058: result: no
configure:6028: checking for xlf95
configure:6058: result: no
configure:6028: checking for f95
configure:6058: result: no
configure:6028: checking for fort
configure:6058: result: no
configure:6028: checking for ifort
configure:6058: result: no
configure:6028: checking for ifc
configure:6058: result: no
configure:6028: checking for efc
configure:6058: result: no
configure:6028: checking for pgf95
configure:6058: result: no
configure:6028: checking for lf95
configure:6058: result: no
configure:6028: checking for ftn
configure:6058: result: no
configure:6085: checking for Fortran 77 compiler version
configure:6092:  --version >&5
./configure: line 6093: --version: command not found
configure:6095: $? = 127
configure:6102:  -v >&5
./configure: line 6103: -v: command not found
configure:6105: $? = 127
configure:6112:  -V >&5
./configure: line 6113: -V: command not found
configure:6115: $? = 127
configure:6123: checking whether we are using the GNU Fortran 77 compiler
configure:6142:  -c  conftest.F >&5
./configure: line 6143: -c: command not found
configure:6148: $? = 127
configure: failed program was:
|       program main
| #ifndef __GNUC__
|        choke me
| #endif
| 
|       end
configure:6165: result: no
configure:6171: checking whether  accepts -g
configure:6188:  -c -g conftest.f >&5
./configure: line 6189: -c: command not found
configure:6194: $? = 127
configure: failed program was:
|       program main
| 
|       end
configure:6210: result: no
configure:6239: checking the maximum length of command line arguments
configure:6351: result: 196608
configure:6363: checking command to parse /usr/bin/nm -p output from gcc object
configure:6468: gcc -c -g -O2  conftest.c >&5
configure:6471: $? = 0
configure:6475: /usr/bin/nm -p conftest.o \| sed -n -e 's/^.*[ 	]\([BCDEGRST][BCDEGRST]*\)[ 	][ 	]*\([_A-Za-z][_A-Za-z0-9]*\)$/\1 \2 \2/p' \> conftest.nm
configure:6478: $? = 0
cannot find nm_test_var in conftest.nm
configure:6468: gcc -c -g -O2  conftest.c >&5
configure:6471: $? = 0
configure:6475: /usr/bin/nm -p conftest.o \| sed -n -e 's/^.*[ 	]\([BCDEGRST][BCDEGRST]*\)[ 	][ 	]*_\([_A-Za-z][_A-Za-z0-9]*\)$/\1 _\2 \2/p' \> conftest.nm
configure:6478: $? = 0
configure:6530: gcc -o conftest -g -O2   conftest.c conftstm.o >&5
configure:6533: $? = 0
configure:6571: result: ok
configure:6575: checking for objdir
configure:6590: result: .libs
configure:6682: checking for ar
configure:6698: found /usr/bin/ar
configure:6709: result: ar
configure:6778: checking for ranlib
configure:6794: found /usr/bin/ranlib
configure:6805: result: ranlib
configure:6874: checking for strip
configure:6890: found /usr/bin/strip
configure:6901: result: strip
configure:7158: checking for dsymutil
configure:7174: found /usr/bin/dsymutil
configure:7185: result: dsymutil
configure:7254: checking for nmedit
configure:7270: found /usr/bin/nmedit
configure:7281: result: nmedit
configure:7308: checking for -single_module linker flag
configure:7329: result: yes
configure:7331: checking for -exported_symbols_list linker flag
configure:7361: gcc -o conftest -g -O2   -Wl,-exported_symbols_list,conftest.sym conftest.c  >&5
configure:7367: $? = 0
configure:7386: result: yes
configure:7450: checking for correct ltmain.sh version
configure:7500: result: yes
configure:7560: checking if gcc supports -fno-rtti -fno-exceptions
configure:7578: gcc -c -g -O2  -fno-rtti -fno-exceptions conftest.c >&5
cc1: warning: command line option "-fno-rtti" is valid for C++/ObjC++ but not for C
configure:7582: $? = 0
configure:7595: result: no
configure:7610: checking for gcc option to produce PIC
configure:7842: result: -fno-common
configure:7850: checking if gcc PIC flag -fno-common works
configure:7868: gcc -c -g -O2  -fno-common -DPIC conftest.c >&5
configure:7872: $? = 0
configure:7885: result: yes
configure:7913: checking if gcc static flag -static works
configure:7941: result: no
configure:7951: checking if gcc supports -c -o file.o
configure:7972: gcc -c -g -O2  -o out/conftest2.o conftest.c >&5
configure:7976: $? = 0
configure:7998: result: yes
configure:8024: checking whether the gcc linker (/usr/libexec/gcc/i686-apple-darwin9/4.0.1/ld) supports shared libraries
configure:9004: result: yes
configure:9071: checking dynamic linker characteristics
configure:9686: result: darwin9.8.0 dyld
configure:9710: checking how to hardcode library paths into programs
configure:9735: result: immediate
configure:9749: checking whether stripping libraries is possible
configure:9763: result: yes
configure:10556: checking if libtool supports shared libraries
configure:10558: result: yes
configure:10561: checking whether to build shared libraries
configure:10582: result: yes
configure:10585: checking whether to build static libraries
configure:10589: result: yes
configure:10683: creating libtool
configure:11276: checking for ld used by g++
configure:11343: result: /usr/libexec/gcc/i686-apple-darwin9/4.0.1/ld
configure:11352: checking if the linker (/usr/libexec/gcc/i686-apple-darwin9/4.0.1/ld) is GNU ld
configure:11367: result: no
configure:11418: checking whether the g++ linker (/usr/libexec/gcc/i686-apple-darwin9/4.0.1/ld) supports shared libraries
configure:12364: result: yes
configure:12381: g++ -c -g -O2  conftest.cpp >&5
configure:12384: $? = 0
configure:12540: checking for g++ option to produce PIC
configure:12824: result: -fno-common
configure:12832: checking if g++ PIC flag -fno-common works
configure:12850: g++ -c -g -O2  -fno-common -DPIC conftest.cpp >&5
configure:12854: $? = 0
configure:12867: result: yes
configure:12895: checking if g++ static flag -static works
configure:12923: result: no
configure:12933: checking if g++ supports -c -o file.o
configure:12954: g++ -c -g -O2  -o out/conftest2.o conftest.cpp >&5
configure:12958: $? = 0
configure:12980: result: yes
configure:13006: checking whether the g++ linker (/usr/libexec/gcc/i686-apple-darwin9/4.0.1/ld) supports shared libraries
configure:13032: result: yes
configure:13099: checking dynamic linker characteristics
configure:13662: result: darwin9.8.0 dyld
configure:13686: checking how to hardcode library paths into programs
configure:13711: result: immediate
configure:19962: checking for pthread_create in -lpthread
configure:19997: gcc -o conftest -g -O2   conftest.c -lpthread   >&5
configure:20003: $? = 0
configure:20021: result: yes
configure:20050: checking limits.h usability
configure:20067: gcc -c -g -O2  conftest.c >&5
configure:20073: $? = 0
configure:20087: result: yes
configure:20091: checking limits.h presence
configure:20106: gcc -E  conftest.c
configure:20112: $? = 0
configure:20126: result: yes
configure:20159: checking for limits.h
configure:20167: result: yes
configure:20050: checking syslog.h usability
configure:20067: gcc -c -g -O2  conftest.c >&5
configure:20073: $? = 0
configure:20087: result: yes
configure:20091: checking syslog.h presence
configure:20106: gcc -E  conftest.c
configure:20112: $? = 0
configure:20126: result: yes
configure:20159: checking for syslog.h
configure:20167: result: yes
configure:20182: checking for stdbool.h that conforms to C99
configure:20275: gcc -c -g -O2  conftest.c >&5
configure:20281: $? = 0
configure:20296: result: yes
configure:20298: checking for _Bool
configure:20328: gcc -c -g -O2  conftest.c >&5
configure:20334: $? = 0
configure:20349: result: yes
configure:20368: checking for an ANSI C-conforming const
configure:20443: gcc -c -g -O2  conftest.c >&5
configure:20449: $? = 0
configure:20464: result: yes
configure:20600: creating ./config.status

## ---------------------- ##
## Running config.status. ##
## ---------------------- ##

This file was extended by CPP_LOG config.status 1.0, which was
generated by GNU Autoconf 2.61.  Invocation command line was

  CONFIG_FILES    = 
  CONFIG_HEADERS  = 
  CONFIG_LINKS    = 
  CONFIG_COMMANDS = 
  $ ./config.status 

on dhcp12.cs.nmsu.edu

config.status:666: creating Makefile
config.status:666: creating src/Makefile
config.status:666: creating src/config.h
config.status:898: src/config.h is unchanged
config.status:945: executing depfiles commands

## ---------------- ##
## Cache variables. ##
## ---------------- ##

ac_cv_build=i386-apple-darwin9.8.0
ac_cv_c_compiler_gnu=yes
ac_cv_c_const=yes
ac_cv_cxx_compiler_gnu=yes
ac_cv_env_CCC_set=
ac_cv_env_CCC_value=
ac_cv_env_CC_set=
ac_cv_env_CC_value=
ac_cv_env_CFLAGS_set=
ac_cv_env_CFLAGS_value=
ac_cv_env_CPPFLAGS_set=
ac_cv_env_CPPFLAGS_value=
ac_cv_env_CPP_set=
ac_cv_env_CPP_value=
ac_cv_env_CXXCPP_set=
ac_cv_env_CXXCPP_value=
ac_cv_env_CXXFLAGS_set=
ac_cv_env_CXXFLAGS_value=
ac_cv_env_CXX_set=
ac_cv_env_CXX_value=
ac_cv_env_F77_set=
ac_cv_env_F77_value=
ac_cv_env_FFLAGS_set=
ac_cv_env_FFLAGS_value=
ac_cv_env_LDFLAGS_set=
ac_cv_env_LDFLAGS_value=
ac_cv_env_LIBS_set=
ac_cv_env_LIBS_value=
ac_cv_env_build_alias_set=
ac_cv_env_build_alias_value=
ac_cv_env_host_alias_set=
ac_cv_env_host_alias_value=
ac_cv_env_target_alias_set=
ac_cv_env_target_alias_value=
ac_cv_f77_compiler_gnu=no
ac_cv_header_dlfcn_h=yes
ac_cv_header_inttypes_h=yes
ac_cv_header_limits_h=yes
ac_cv_header_memory_h=yes
ac_cv_header_stdbool_h=yes
ac_cv_header_stdc=yes
ac_cv_header_stdint_h=yes
ac_cv_header_stdlib_h=yes
ac_cv_header_string_h=yes
ac_cv_header_strings_h=yes
ac_cv_header_sys_stat_h=yes
ac_cv_header_sys_types_h=yes
ac_cv_header_syslog_h=yes
ac_cv_header_unistd_h=yes
ac_cv_host=i386-apple-darwin9.8.0
ac_cv_lib_pthread_pthread_create=yes
ac_cv_objext=o
ac_cv_path_EGREP='/usr/bin/grep -E'
ac_cv_path_GREP=/usr/bin/grep
ac_cv_path_install='/usr/bin/install -c'
ac_cv_prog_AWK=gawk
ac_cv_prog_CPP='gcc -E'
ac_cv_prog_CXXCPP='g++ -E'
ac_cv_prog_ac_ct_AR=ar
ac_cv_prog_ac_ct_CC=gcc
ac_cv_prog_ac_ct_CXX=g++
ac_cv_prog_ac_ct_DSYMUTIL=dsymutil
ac_cv_prog_ac_ct_NMEDIT=nmedit
ac_cv_prog_ac_ct_RANLIB=ranlib
ac_cv_prog_ac_ct_STRIP=strip
ac_cv_prog_cc_c89=
ac_cv_prog_cc_g=yes
ac_cv_prog_cxx_g=yes
ac_cv_prog_f77_g=no
ac_cv_prog_make_make_set=yes
ac_cv_type__Bool=yes
am_cv_CC_dependencies_compiler_type=gcc3
am_cv_CXX_dependencies_compiler_type=gcc3
lt_cv_apple_cc_single_mod=yes
lt_cv_deplibs_check_method=pass_all
lt_cv_file_magic_cmd='$MAGIC_CMD'
lt_cv_file_magic_test_file=
lt_cv_ld_exported_symbols_list=yes
lt_cv_ld_reload_flag=-r
lt_cv_objdir=.libs
lt_cv_path_LD=/usr/libexec/gcc/i686-apple-darwin9/4.0.1/ld
lt_cv_path_LDCXX=/usr/libexec/gcc/i686-apple-darwin9/4.0.1/ld
lt_cv_path_NM='/usr/bin/nm -p'
lt_cv_path_SED=/opt/local/bin/gsed
lt_cv_prog_compiler_c_o=yes
lt_cv_prog_compiler_c_o_CXX=yes
lt_cv_prog_compiler_pic_works=yes
lt_cv_prog_compiler_pic_works_CXX=yes
lt_cv_prog_compiler_rtti_exceptions=no
lt_cv_prog_compiler_static_works=no
lt_cv_prog_compiler_static_works_CXX=no
lt_cv_prog_gnu_ld=no
lt_cv_prog_gnu_ldcxx=no
lt_cv_sys_global_symbol_pipe='sed -n -e '\''s/^.*[ 	]\([BCDEGRST][BCDEGRST]*\)[ 	][ 	]*_\([_A-Za-z][_A-Za-z0-9]*\)$/\1 _\2 \2/p'\'''
lt_cv_sys_global_symbol_to_c_name_address='sed -n -e '\''s/^: \([^ ]*\) $/  {\"\1\", (lt_ptr) 0},/p'\'' -e '\''s/^[BCDEGRST] \([^ ]*\) \([^ ]*\)$/  {"\2", (lt_ptr) \&\2},/p'\'''
lt_cv_sys_global_symbol_to_cdecl='sed -n -e '\''s/^. .* \(.*\)$/extern int \1;/p'\'''
lt_cv_sys_lib_dlsearch_path_spec='/usr/local/lib /lib /usr/lib'
lt_cv_sys_lib_search_path_spec='/usr/lib/i686-apple-darwin9/4.0.1 /usr/lib /usr/lib/gcc/i686-apple-darwin9/4.0.1 /usr/local/lib'
lt_cv_sys_max_cmd_len=196608
lt_lt_cv_prog_compiler_c_o='"yes"'
lt_lt_cv_prog_compiler_c_o_CXX='"yes"'
lt_lt_cv_sys_global_symbol_pipe='"sed -n -e '\''s/^.*[ 	]\\([BCDEGRST][BCDEGRST]*\\)[ 	][ 	]*_\\([_A-Za-z][_A-Za-z0-9]*\\)\$/\\1 _\\2 \\2/p'\''"'
lt_lt_cv_sys_global_symbol_to_c_name_address='"sed -n -e '\''s/^: \\([^ ]*\\) \$/  {\\\"\\1\\\", (lt_ptr) 0},/p'\'' -e '\''s/^[BCDEGRST] \\([^ ]*\\) \\([^ ]*\\)\$/  {\"\\2\", (lt_ptr) \\&\\2},/p'\''"'
lt_lt_cv_sys_global_symbol_to_cdecl='"sed -n -e '\''s/^. .* \\(.*\\)\$/extern int \\1;/p'\''"'

## ----------------- ##
## Output variables. ##
## ----------------- ##

ACLOCAL='${SHELL} /Users/bchisham/cdaotools/trunk/lib/CppLoggerV2/missing --run aclocal-1.10'
AMDEPBACKSLASH='\'
AMDEP_FALSE='#'
AMDEP_TRUE=''
AMTAR='${SHELL} /Users/bchisham/cdaotools/trunk/lib/CppLoggerV2/missing --run tar'
AR='ar'
AUTOCONF='${SHELL} /Users/bchisham/cdaotools/trunk/lib/CppLoggerV2/missing --run autoconf'
AUTOHEADER='${SHELL} /Users/bchisham/cdaotools/trunk/lib/CppLoggerV2/missing --run autoheader'
AUTOMAKE='${SHELL} /Users/bchisham/cdaotools/trunk/lib/CppLoggerV2/missing --run automake-1.10'
AWK='gawk'
CC='gcc'
CCDEPMODE='depmode=gcc3'
CFLAGS='-g -O2'
CPP='gcc -E'
CPPFLAGS=''
CXX='g++'
CXXCPP='g++ -E'
CXXDEPMODE='depmode=gcc3'
CXXFLAGS='-g -O2'
CYGPATH_W='echo'
DEFS='-DHAVE_CONFIG_H'
DEPDIR='.deps'
DSYMUTIL='dsymutil'
ECHO='/bin/echo'
ECHO_C='ECHO_N=''
ECHO_T=''
EGREP='/usr/bin/grep -E'
EXEEXT=''
F77=''
FFLAGS=''
GREP='/usr/bin/grep'
INSTALL_DATA='${INSTALL} -m 644'
INSTALL_PROGRAM='${INSTALL}'
INSTALL_SCRIPT='${INSTALL}'
INSTALL_STRIP_PROGRAM='$(install_sh) -c -s'
LDFLAGS=''
LIBOBJS=''
LIBS='-lpthread '
LIBTOOL='$(SHELL) $(top_builddir)/libtool'
LIBTOOL_DEPS='./ltmain.sh'
LN_S='ln -s'
LTLIBOBJS=''
MAKEINFO='${SHELL} /Users/bchisham/cdaotools/trunk/lib/CppLoggerV2/missing --run makeinfo'
NMEDIT='nmedit'
OBJEXT='o'
PACKAGE='CppLogger'
PACKAGE_BUGREPORT='bchisham@brandonchisham.com'
PACKAGE_NAME='CPP_LOG'
PACKAGE_STRING='CPP_LOG 1.0'
PACKAGE_TARNAME='cpp_log'
PACKAGE_VERSION='1.0'
PATH_SEPARATOR=':'
RANLIB='ranlib'
SED='/opt/local/bin/gsed'
SET_MAKE=''
SHELL='/bin/sh'
STRIP='strip'
VERSION='2.0'
ac_ct_CC='gcc'
ac_ct_CXX='g++'
ac_ct_F77=''
am__fastdepCC_FALSE='#'
am__fastdepCC_TRUE=''
am__fastdepCXX_FALSE='#'
am__fastdepCXX_TRUE=''
am__include='include'
am__isrc=''
am__leading_dot='.'
am__quote=''
am__tar='${AMTAR} chof - "$$tardir"'
am__untar='${AMTAR} xf -'
bindir='${exec_prefix}/bin'
build='i386-apple-darwin9.8.0'
build_alias=''
build_cpu='i386'
build_os='darwin9.8.0'
build_vendor='apple'
datadir='${datarootdir}'
datarootdir='${prefix}/share'
docdir='${datarootdir}/doc/${PACKAGE_TARNAME}'
dvidir='${docdir}'
exec_prefix='${prefix}'
host='i386-apple-darwin9.8.0'
host_alias=''
host_cpu='i386'
host_os='darwin9.8.0'
host_vendor='apple'
htmldir='${docdir}'
includedir='${prefix}/include'
infodir='${datarootdir}/info'
install_sh='$(SHELL) /Users/bchisham/cdaotools/trunk/lib/CppLoggerV2/install-sh'
libdir='${exec_prefix}/lib'
libexecdir='${exec_prefix}/libexec'
localedir='${datarootdir}/locale'
localstatedir='${prefix}/var'
mandir='${datarootdir}/man'
mkdir_p='$(top_builddir)/./install-sh -c -d'
oldincludedir='/usr/include'
pdfdir='${docdir}'
prefix='/Users/bchisham'
program_transform_name='s,x,x,'
psdir='${docdir}'
sbindir='${exec_prefix}/sbin'
sharedstatedir='${prefix}/com'
sysconfdir='${prefix}/etc'
target_alias=''

## ----------- ##
## confdefs.h. ##
## ----------- ##

#define PACKAGE_NAME "CPP_LOG"
#define PACKAGE_TARNAME "cpp_log"
#define PACKAGE_VERSION "1.0"
#define PACKAGE_STRING "CPP_LOG 1.0"
#define PACKAGE_BUGREPORT "bchisham@brandonchisham.com"
#define PACKAGE "CppLogger"
#define VERSION "2.0"
#define STDC_HEADERS 1
#define HAVE_SYS_TYPES_H 1
#define HAVE_SYS_STAT_H 1
#define HAVE_STDLIB_H 1
#define HAVE_STRING_H 1
#define HAVE_MEMORY_H 1
#define HAVE_STRINGS_H 1
#define HAVE_INTTYPES_H 1
#define HAVE_STDINT_H 1
#define HAVE_UNISTD_H 1
#define HAVE_DLFCN_H 1
#define HAVE_LIBPTHREAD 1
#define HAVE_LIMITS_H 1
#define HAVE_SYSLOG_H 1
#define HAVE__BOOL 1
#define HAVE_STDBOOL_H 1

configure: exit 0

## ---------------------- ##
## Running config.status. ##
## ---------------------- ##

This file was extended by CPP_LOG config.status 1.0, which was
generated by GNU Autoconf 2.61.  Invocation command line was

  CONFIG_FILES    = 
  CONFIG_HEADERS  = 
  CONFIG_LINKS    = 
  CONFIG_COMMANDS = 
  $ ./config.status src/config.h

on dhcp12.cs.nmsu.edu

config.status:666: creating src/config.h
config.status:898: src/config.h is unchanged
