This file contains any messages produced by compilers while
running configure, to aid debugging if configure makes a mistake.

It was created by CPP_LOG configure 1.0, which was
generated by GNU Autoconf 2.64.  Invocation command line was

  $ ./configure --disable-option-checking --prefix=/home/bchisham --cache-file=/dev/null --srcdir=.

## --------- ##
## Platform. ##
## --------- ##

hostname = lacey
uname -m = x86_64
uname -r = 2.6.31-20-generic
uname -s = Linux
uname -v = #57-Ubuntu SMP Mon Feb 8 09:02:26 UTC 2010

/usr/bin/uname -p = unknown
/bin/uname -X     = unknown

/bin/arch              = unknown
/usr/bin/arch -k       = unknown
/usr/convex/getsysinfo = unknown
/usr/bin/hostinfo      = unknown
/bin/machine           = unknown
/usr/bin/oslevel       = unknown
/bin/universe          = unknown

PATH: /usr/bin/java/bin
PATH: /opt/openoffice.org2.0/program
PATH: /usr/bin/java/bin
PATH: /opt/openoffice.org2.0/program
PATH: /usr/local/sbin
PATH: /usr/local/bin
PATH: /usr/sbin
PATH: /usr/bin
PATH: /sbin
PATH: /bin
PATH: /usr/games
PATH: /home/bchisham/bin
PATH: /home/bchisham/OpenOffice.org1.1.0
PATH: /home/bchisham/bin
PATH: /home/bchisham/OpenOffice.org1.1.0


## ----------- ##
## Core tests. ##
## ----------- ##

configure:2619: checking for a BSD-compatible install
configure:2687: result: /usr/bin/install -c
configure:2698: checking whether build environment is sane
configure:2735: result: yes
configure:2760: checking for a thread-safe mkdir -p
configure:2799: result: /bin/mkdir -p
configure:2812: checking for gawk
configure:2828: found /usr/bin/gawk
configure:2839: result: gawk
configure:2850: checking whether make sets $(MAKE)
configure:2872: result: yes
configure:3113: checking for g++
configure:3129: found /usr/bin/g++
configure:3140: result: g++
configure:3167: checking for C++ compiler version
configure:3176: g++ --version >&5
g++ (Ubuntu 4.4.1-4ubuntu9) 4.4.1
Copyright (C) 2009 Free Software Foundation, Inc.
This is free software; see the source for copying conditions.  There is NO
warranty; not even for MERCHANTABILITY or FITNESS FOR A PARTICULAR PURPOSE.

configure:3187: $? = 0
configure:3176: g++ -v >&5
Using built-in specs.
Target: x86_64-linux-gnu
Configured with: ../src/configure -v --with-pkgversion='Ubuntu 4.4.1-4ubuntu9' --with-bugurl=file:///usr/share/doc/gcc-4.4/README.Bugs --enable-languages=c,c++,fortran,objc,obj-c++ --prefix=/usr --enable-shared --enable-multiarch --enable-linker-build-id --with-system-zlib --libexecdir=/usr/lib --without-included-gettext --enable-threads=posix --with-gxx-include-dir=/usr/include/c++/4.4 --program-suffix=-4.4 --enable-nls --enable-clocale=gnu --enable-libstdcxx-debug --enable-objc-gc --disable-werror --with-arch-32=i486 --with-tune=generic --enable-checking=release --build=x86_64-linux-gnu --host=x86_64-linux-gnu --target=x86_64-linux-gnu
Thread model: posix
gcc version 4.4.1 (Ubuntu 4.4.1-4ubuntu9) 
configure:3187: $? = 0
configure:3176: g++ -V >&5
g++: '-V' option must have argument
configure:3187: $? = 1
configure:3176: g++ -qversion >&5
g++: unrecognized option '-qversion'
g++: no input files
configure:3187: $? = 1
configure:3209: checking for C++ compiler default output file name
configure:3231: g++    conftest.cpp  >&5
configure:3235: $? = 0
configure:3272: result: a.out
configure:3288: checking whether the C++ compiler works
configure:3297: ./a.out
configure:3301: $? = 0
configure:3316: result: yes
configure:3323: checking whether we are cross compiling
configure:3325: result: no
configure:3328: checking for suffix of executables
configure:3335: g++ -o conftest    conftest.cpp  >&5
configure:3339: $? = 0
configure:3361: result: 
configure:3367: checking for suffix of object files
configure:3389: g++ -c   conftest.cpp >&5
configure:3393: $? = 0
configure:3414: result: o
configure:3418: checking whether we are using the GNU C++ compiler
configure:3437: g++ -c   conftest.cpp >&5
configure:3437: $? = 0
configure:3446: result: yes
configure:3455: checking whether g++ accepts -g
configure:3475: g++ -c -g  conftest.cpp >&5
configure:3475: $? = 0
configure:3516: result: yes
configure:3550: checking for style of include used by make
configure:3578: result: GNU
configure:3603: checking dependency style of g++
configure:3694: result: gcc3
configure:3709: checking whether make sets $(MAKE)
configure:3731: result: yes
configure:3788: checking for gcc
configure:3804: found /usr/bin/gcc
configure:3815: result: gcc
configure:4044: checking for C compiler version
configure:4053: gcc --version >&5
gcc (Ubuntu 4.4.1-4ubuntu9) 4.4.1
Copyright (C) 2009 Free Software Foundation, Inc.
This is free software; see the source for copying conditions.  There is NO
warranty; not even for MERCHANTABILITY or FITNESS FOR A PARTICULAR PURPOSE.

configure:4064: $? = 0
configure:4053: gcc -v >&5
Using built-in specs.
Target: x86_64-linux-gnu
Configured with: ../src/configure -v --with-pkgversion='Ubuntu 4.4.1-4ubuntu9' --with-bugurl=file:///usr/share/doc/gcc-4.4/README.Bugs --enable-languages=c,c++,fortran,objc,obj-c++ --prefix=/usr --enable-shared --enable-multiarch --enable-linker-build-id --with-system-zlib --libexecdir=/usr/lib --without-included-gettext --enable-threads=posix --with-gxx-include-dir=/usr/include/c++/4.4 --program-suffix=-4.4 --enable-nls --enable-clocale=gnu --enable-libstdcxx-debug --enable-objc-gc --disable-werror --with-arch-32=i486 --with-tune=generic --enable-checking=release --build=x86_64-linux-gnu --host=x86_64-linux-gnu --target=x86_64-linux-gnu
Thread model: posix
gcc version 4.4.1 (Ubuntu 4.4.1-4ubuntu9) 
configure:4064: $? = 0
configure:4053: gcc -V >&5
gcc: '-V' option must have argument
configure:4064: $? = 1
configure:4053: gcc -qversion >&5
gcc: unrecognized option '-qversion'
gcc: no input files
configure:4064: $? = 1
configure:4068: checking whether we are using the GNU C compiler
configure:4087: gcc -c   conftest.c >&5
configure:4087: $? = 0
configure:4096: result: yes
configure:4105: checking whether gcc accepts -g
configure:4125: gcc -c -g  conftest.c >&5
configure:4125: $? = 0
configure:4166: result: yes
configure:4183: checking for gcc option to accept ISO C89
configure:4247: gcc  -c -g -O2  conftest.c >&5
configure:4247: $? = 0
configure:4260: result: none needed
configure:4282: checking dependency style of gcc
configure:4373: result: gcc3
configure:4393: checking how to run the C preprocessor
configure:4424: gcc -E  conftest.c
configure:4424: $? = 0
configure:4438: gcc -E  conftest.c
conftest.c:11:28: error: ac_nonexistent.h: No such file or directory
configure:4438: $? = 1
configure: failed program was:
| /* confdefs.h */
| #define PACKAGE_NAME "CPP_LOG"
| #define PACKAGE_TARNAME "cpp_log"
| #define PACKAGE_VERSION "1.0"
| #define PACKAGE_STRING "CPP_LOG 1.0"
| #define PACKAGE_BUGREPORT "bchisham@brandonchisham.com"
| #define PACKAGE_URL ""
| #define PACKAGE "CppLogger"
| #define VERSION "2.0"
| /* end confdefs.h.  */
| #include <ac_nonexistent.h>
configure:4463: result: gcc -E
configure:4483: gcc -E  conftest.c
configure:4483: $? = 0
configure:4497: gcc -E  conftest.c
conftest.c:11:28: error: ac_nonexistent.h: No such file or directory
configure:4497: $? = 1
configure: failed program was:
| /* confdefs.h */
| #define PACKAGE_NAME "CPP_LOG"
| #define PACKAGE_TARNAME "cpp_log"
| #define PACKAGE_VERSION "1.0"
| #define PACKAGE_STRING "CPP_LOG 1.0"
| #define PACKAGE_BUGREPORT "bchisham@brandonchisham.com"
| #define PACKAGE_URL ""
| #define PACKAGE "CppLogger"
| #define VERSION "2.0"
| /* end confdefs.h.  */
| #include <ac_nonexistent.h>
configure:4526: checking whether ln -s works
configure:4530: result: yes
configure:4537: checking whether make sets $(MAKE)
configure:4559: result: yes
configure:4644: checking build system type
configure:4658: result: x86_64-unknown-linux-gnu
configure:4678: checking host system type
configure:4691: result: x86_64-unknown-linux-gnu
configure:4711: checking for a sed that does not truncate output
configure:4767: result: /bin/sed
configure:4770: checking for grep that handles long lines and -e
configure:4828: result: /bin/grep
configure:4833: checking for egrep
configure:4895: result: /bin/grep -E
configure:4911: checking for ld used by gcc
configure:4978: result: /usr/bin/ld
configure:4985: checking if the linker (/usr/bin/ld) is GNU ld
configure:5000: result: yes
configure:5005: checking for /usr/bin/ld option to reload object files
configure:5012: result: -r
configure:5030: checking for BSD-compatible nm
configure:5079: result: /usr/bin/nm -B
configure:5083: checking how to recognize dependent libraries
configure:5269: result: pass_all
configure:5358: gcc -c -g -O2  conftest.c >&5
configure:5361: $? = 0
configure:5485: checking for ANSI C header files
configure:5505: gcc -c -g -O2  conftest.c >&5
configure:5505: $? = 0
configure:5578: gcc -o conftest -g -O2   conftest.c  >&5
configure:5578: $? = 0
configure:5578: ./conftest
configure:5578: $? = 0
configure:5589: result: yes
configure:5602: checking for sys/types.h
configure:5602: gcc -c -g -O2  conftest.c >&5
configure:5602: $? = 0
configure:5602: result: yes
configure:5602: checking for sys/stat.h
configure:5602: gcc -c -g -O2  conftest.c >&5
configure:5602: $? = 0
configure:5602: result: yes
configure:5602: checking for stdlib.h
configure:5602: gcc -c -g -O2  conftest.c >&5
configure:5602: $? = 0
configure:5602: result: yes
configure:5602: checking for string.h
configure:5602: gcc -c -g -O2  conftest.c >&5
configure:5602: $? = 0
configure:5602: result: yes
configure:5602: checking for memory.h
configure:5602: gcc -c -g -O2  conftest.c >&5
configure:5602: $? = 0
configure:5602: result: yes
configure:5602: checking for strings.h
configure:5602: gcc -c -g -O2  conftest.c >&5
configure:5602: $? = 0
configure:5602: result: yes
configure:5602: checking for inttypes.h
configure:5602: gcc -c -g -O2  conftest.c >&5
configure:5602: $? = 0
configure:5602: result: yes
configure:5602: checking for stdint.h
configure:5602: gcc -c -g -O2  conftest.c >&5
configure:5602: $? = 0
configure:5602: result: yes
configure:5602: checking for unistd.h
configure:5602: gcc -c -g -O2  conftest.c >&5
configure:5602: $? = 0
configure:5602: result: yes
configure:5617: checking dlfcn.h usability
configure:5617: gcc -c -g -O2  conftest.c >&5
configure:5617: $? = 0
configure:5617: result: yes
configure:5617: checking dlfcn.h presence
configure:5617: gcc -E  conftest.c
configure:5617: $? = 0
configure:5617: result: yes
configure:5617: checking for dlfcn.h
configure:5617: result: yes
configure:5637: checking how to run the C++ preprocessor
configure:5664: g++ -E  conftest.cpp
configure:5664: $? = 0
configure:5678: g++ -E  conftest.cpp
conftest.cpp:22:28: error: ac_nonexistent.h: No such file or directory
configure:5678: $? = 1
configure: failed program was:
| /* confdefs.h */
| #define PACKAGE_NAME "CPP_LOG"
| #define PACKAGE_TARNAME "cpp_log"
| #define PACKAGE_VERSION "1.0"
| #define PACKAGE_STRING "CPP_LOG 1.0"
| #define PACKAGE_BUGREPORT "bchisham@brandonchisham.com"
| #define PACKAGE_URL ""
| #define PACKAGE "CppLogger"
| #define VERSION "2.0"
| #define STDC_HEADERS 1
| #define HAVE_SYS_TYPES_H 1
| #define HAVE_SYS_STAT_H 1
| #define HAVE_STDLIB_H 1
| #define HAVE_STRING_H 1
| #define HAVE_MEMORY_H 1
| #define HAVE_STRINGS_H 1
| #define HAVE_INTTYPES_H 1
| #define HAVE_STDINT_H 1
| #define HAVE_UNISTD_H 1
| #define HAVE_DLFCN_H 1
| /* end confdefs.h.  */
| #include <ac_nonexistent.h>
configure:5703: result: g++ -E
configure:5723: g++ -E  conftest.cpp
configure:5723: $? = 0
configure:5737: g++ -E  conftest.cpp
conftest.cpp:22:28: error: ac_nonexistent.h: No such file or directory
configure:5737: $? = 1
configure: failed program was:
| /* confdefs.h */
| #define PACKAGE_NAME "CPP_LOG"
| #define PACKAGE_TARNAME "cpp_log"
| #define PACKAGE_VERSION "1.0"
| #define PACKAGE_STRING "CPP_LOG 1.0"
| #define PACKAGE_BUGREPORT "bchisham@brandonchisham.com"
| #define PACKAGE_URL ""
| #define PACKAGE "CppLogger"
| #define VERSION "2.0"
| #define STDC_HEADERS 1
| #define HAVE_SYS_TYPES_H 1
| #define HAVE_SYS_STAT_H 1
| #define HAVE_STDLIB_H 1
| #define HAVE_STRING_H 1
| #define HAVE_MEMORY_H 1
| #define HAVE_STRINGS_H 1
| #define HAVE_INTTYPES_H 1
| #define HAVE_STDINT_H 1
| #define HAVE_UNISTD_H 1
| #define HAVE_DLFCN_H 1
| /* end confdefs.h.  */
| #include <ac_nonexistent.h>
configure:5821: checking for g77
configure:5851: result: no
configure:5821: checking for xlf
configure:5851: result: no
configure:5821: checking for f77
configure:5851: result: no
configure:5821: checking for frt
configure:5851: result: no
configure:5821: checking for pgf77
configure:5851: result: no
configure:5821: checking for cf77
configure:5851: result: no
configure:5821: checking for fort77
configure:5851: result: no
configure:5821: checking for fl32
configure:5851: result: no
configure:5821: checking for af77
configure:5851: result: no
configure:5821: checking for xlf90
configure:5851: result: no
configure:5821: checking for f90
configure:5851: result: no
configure:5821: checking for pgf90
configure:5851: result: no
configure:5821: checking for pghpf
configure:5851: result: no
configure:5821: checking for epcf90
configure:5851: result: no
configure:5821: checking for gfortran
configure:5851: result: no
configure:5821: checking for g95
configure:5851: result: no
configure:5821: checking for xlf95
configure:5851: result: no
configure:5821: checking for f95
configure:5851: result: no
configure:5821: checking for fort
configure:5851: result: no
configure:5821: checking for ifort
configure:5851: result: no
configure:5821: checking for ifc
configure:5851: result: no
configure:5821: checking for efc
configure:5851: result: no
configure:5821: checking for pgf95
configure:5851: result: no
configure:5821: checking for lf95
configure:5851: result: no
configure:5821: checking for ftn
configure:5851: result: no
configure:5874: checking for Fortran 77 compiler version
configure:5883:  --version >&5
./configure: line 5885: --version: command not found
configure:5894: $? = 127
configure:5883:  -v >&5
./configure: line 5885: -v: command not found
configure:5894: $? = 127
configure:5883:  -V >&5
./configure: line 5885: -V: command not found
configure:5894: $? = 127
configure:5883:  -qversion >&5
./configure: line 5885: -qversion: command not found
configure:5894: $? = 127
configure:5903: checking whether we are using the GNU Fortran 77 compiler
configure:5916:  -c  conftest.F >&5
./configure: line 2103: -c: command not found
configure:5916: $? = 127
configure: failed program was:
|       program main
| #ifndef __GNUC__
|        choke me
| #endif
| 
|       end
configure:5925: result: no
configure:5931: checking whether  accepts -g
configure:5942:  -c -g conftest.f >&5
./configure: line 2103: -c: command not found
configure:5942: $? = 127
configure: failed program was:
|       program main
| 
|       end
configure:5950: result: no
configure:5983: checking the maximum length of command line arguments
configure:6095: result: 1572864
configure:6107: checking command to parse /usr/bin/nm -B output from gcc object
configure:6212: gcc -c -g -O2  conftest.c >&5
configure:6215: $? = 0
configure:6219: /usr/bin/nm -B conftest.o \| sed -n -e 's/^.*[ 	]\([ABCDGIRSTW][ABCDGIRSTW]*\)[ 	][ 	]*\([_A-Za-z][_A-Za-z0-9]*\)$/\1 \2 \2/p' \> conftest.nm
configure:6222: $? = 0
configure:6274: gcc -o conftest -g -O2   conftest.c conftstm.o >&5
configure:6277: $? = 0
configure:6315: result: ok
configure:6319: checking for objdir
configure:6334: result: .libs
configure:6426: checking for ar
configure:6442: found /usr/bin/ar
configure:6453: result: ar
configure:6518: checking for ranlib
configure:6534: found /usr/bin/ranlib
configure:6545: result: ranlib
configure:6610: checking for strip
configure:6626: found /usr/bin/strip
configure:6637: result: strip
configure:7149: checking for correct ltmain.sh version
configure:7179: result: yes
configure:7239: checking if gcc supports -fno-rtti -fno-exceptions
configure:7257: gcc -c -g -O2  -fno-rtti -fno-exceptions conftest.c >&5
cc1: warning: command line option "-fno-rtti" is valid for C++/ObjC++ but not for C
configure:7261: $? = 0
configure:7274: result: no
configure:7289: checking for gcc option to produce PIC
configure:7521: result: -fPIC
configure:7529: checking if gcc PIC flag -fPIC works
configure:7547: gcc -c -g -O2  -fPIC -DPIC conftest.c >&5
configure:7551: $? = 0
configure:7564: result: yes
configure:7592: checking if gcc static flag -static works
configure:7620: result: yes
configure:7630: checking if gcc supports -c -o file.o
configure:7651: gcc -c -g -O2  -o out/conftest2.o conftest.c >&5
configure:7655: $? = 0
configure:7677: result: yes
configure:7703: checking whether the gcc linker (/usr/bin/ld -m elf_x86_64) supports shared libraries
configure:8629: result: yes
configure:8650: checking whether -lc should be explicitly linked in
configure:8655: gcc -c -g -O2  conftest.c >&5
configure:8658: $? = 0
configure:8673: gcc -shared conftest.o  -v -Wl,-soname -Wl,conftest -o conftest 2\>\&1 \| grep  -lc  \>/dev/null 2\>\&1
configure:8676: $? = 0
configure:8688: result: no
configure:8696: checking dynamic linker characteristics
configure:9311: result: GNU/Linux ld.so
configure:9335: checking how to hardcode library paths into programs
configure:9360: result: immediate
configure:9374: checking whether stripping libraries is possible
configure:9379: result: yes
configure:9896: checking if libtool supports shared libraries
configure:9898: result: yes
configure:9901: checking whether to build shared libraries
configure:9922: result: yes
configure:9925: checking whether to build static libraries
configure:9929: result: yes
configure:10023: creating libtool
configure:10612: checking for ld used by g++
configure:10679: result: /usr/bin/ld -m elf_x86_64
configure:10686: checking if the linker (/usr/bin/ld -m elf_x86_64) is GNU ld
configure:10701: result: yes
configure:10752: checking whether the g++ linker (/usr/bin/ld -m elf_x86_64) supports shared libraries
configure:11644: result: yes
configure:11661: g++ -c -g -O2  conftest.cpp >&5
configure:11664: $? = 0
configure:11820: checking for g++ option to produce PIC
configure:12104: result: -fPIC
configure:12112: checking if g++ PIC flag -fPIC works
configure:12130: g++ -c -g -O2  -fPIC -DPIC conftest.cpp >&5
configure:12134: $? = 0
configure:12147: result: yes
configure:12175: checking if g++ static flag -static works
configure:12203: result: yes
configure:12213: checking if g++ supports -c -o file.o
configure:12234: g++ -c -g -O2  -o out/conftest2.o conftest.cpp >&5
configure:12238: $? = 0
configure:12260: result: yes
configure:12286: checking whether the g++ linker (/usr/bin/ld -m elf_x86_64) supports shared libraries
configure:12312: result: yes
configure:12379: checking dynamic linker characteristics
configure:12942: result: GNU/Linux ld.so
configure:12966: checking how to hardcode library paths into programs
configure:12991: result: immediate
configure:19137: checking for pthread_create in -lpthread
configure:19162: gcc -o conftest -g -O2   conftest.c -lpthread   >&5
configure:19162: $? = 0
configure:19171: result: yes
configure:19187: checking limits.h usability
configure:19187: gcc -c -g -O2  conftest.c >&5
configure:19187: $? = 0
configure:19187: result: yes
configure:19187: checking limits.h presence
configure:19187: gcc -E  conftest.c
configure:19187: $? = 0
configure:19187: result: yes
configure:19187: checking for limits.h
configure:19187: result: yes
configure:19187: checking syslog.h usability
configure:19187: gcc -c -g -O2  conftest.c >&5
configure:19187: $? = 0
configure:19187: result: yes
configure:19187: checking syslog.h presence
configure:19187: gcc -E  conftest.c
configure:19187: $? = 0
configure:19187: result: yes
configure:19187: checking for syslog.h
configure:19187: result: yes
configure:19200: checking for stdbool.h that conforms to C99
configure:19285: gcc -c -g -O2  conftest.c >&5
configure:19285: $? = 0
configure:19292: result: yes
configure:19294: checking for _Bool
configure:19294: gcc -c -g -O2  conftest.c >&5
configure:19294: $? = 0
configure:19294: gcc -c -g -O2  conftest.c >&5
conftest.c: In function 'main':
conftest.c:61: error: expected expression before ')' token
configure:19294: $? = 1
configure: failed program was:
| /* confdefs.h */
| #define PACKAGE_NAME "CPP_LOG"
| #define PACKAGE_TARNAME "cpp_log"
| #define PACKAGE_VERSION "1.0"
| #define PACKAGE_STRING "CPP_LOG 1.0"
| #define PACKAGE_BUGREPORT "bchisham@brandonchisham.com"
| #define PACKAGE_URL ""
| #define PACKAGE "CppLogger"
| #define VERSION "2.0"
| #define STDC_HEADERS 1
| #define HAVE_SYS_TYPES_H 1
| #define HAVE_SYS_STAT_H 1
| #define HAVE_STDLIB_H 1
| #define HAVE_STRING_H 1
| #define HAVE_MEMORY_H 1
| #define HAVE_STRINGS_H 1
| #define HAVE_INTTYPES_H 1
| #define HAVE_STDINT_H 1
| #define HAVE_UNISTD_H 1
| #define HAVE_DLFCN_H 1
| #define HAVE_LIBPTHREAD 1
| #define HAVE_LIMITS_H 1
| #define HAVE_SYSLOG_H 1
| /* end confdefs.h.  */
| #include <stdio.h>
| #ifdef HAVE_SYS_TYPES_H
| # include <sys/types.h>
| #endif
| #ifdef HAVE_SYS_STAT_H
| # include <sys/stat.h>
| #endif
| #ifdef STDC_HEADERS
| # include <stdlib.h>
| # include <stddef.h>
| #else
| # ifdef HAVE_STDLIB_H
| #  include <stdlib.h>
| # endif
| #endif
| #ifdef HAVE_STRING_H
| # if !defined STDC_HEADERS && defined HAVE_MEMORY_H
| #  include <memory.h>
| # endif
| # include <string.h>
| #endif
| #ifdef HAVE_STRINGS_H
| # include <strings.h>
| #endif
| #ifdef HAVE_INTTYPES_H
| # include <inttypes.h>
| #endif
| #ifdef HAVE_STDINT_H
| # include <stdint.h>
| #endif
| #ifdef HAVE_UNISTD_H
| # include <unistd.h>
| #endif
| int
| main ()
| {
| if (sizeof ((_Bool)))
| 	    return 0;
|   ;
|   return 0;
| }
configure:19294: result: yes
configure:19310: checking for an ANSI C-conforming const
configure:19375: gcc -c -g -O2  conftest.c >&5
configure:19375: $? = 0
configure:19382: result: yes
configure:19509: creating ./config.status

## ---------------------- ##
## Running config.status. ##
## ---------------------- ##

This file was extended by CPP_LOG config.status 1.0, which was
generated by GNU Autoconf 2.64.  Invocation command line was

  CONFIG_FILES    = 
  CONFIG_HEADERS  = 
  CONFIG_LINKS    = 
  CONFIG_COMMANDS = 
  $ ./config.status 

on lacey

config.status:878: creating Makefile
config.status:878: creating src/Makefile
config.status:878: creating src/config.h
config.status:1050: src/config.h is unchanged
config.status:1098: executing depfiles commands

## ---------------- ##
## Cache variables. ##
## ---------------- ##

ac_cv_build=x86_64-unknown-linux-gnu
ac_cv_c_compiler_gnu=yes
ac_cv_c_const=yes
ac_cv_cxx_compiler_gnu=yes
ac_cv_env_CCC_set=
ac_cv_env_CCC_value=
ac_cv_env_CC_set=
ac_cv_env_CC_value=
ac_cv_env_CFLAGS_set=
ac_cv_env_CFLAGS_value=
ac_cv_env_CPPFLAGS_set=
ac_cv_env_CPPFLAGS_value=
ac_cv_env_CPP_set=
ac_cv_env_CPP_value=
ac_cv_env_CXXCPP_set=
ac_cv_env_CXXCPP_value=
ac_cv_env_CXXFLAGS_set=
ac_cv_env_CXXFLAGS_value=
ac_cv_env_CXX_set=
ac_cv_env_CXX_value=
ac_cv_env_F77_set=
ac_cv_env_F77_value=
ac_cv_env_FFLAGS_set=
ac_cv_env_FFLAGS_value=
ac_cv_env_LDFLAGS_set=
ac_cv_env_LDFLAGS_value=
ac_cv_env_LIBS_set=
ac_cv_env_LIBS_value=
ac_cv_env_build_alias_set=
ac_cv_env_build_alias_value=
ac_cv_env_host_alias_set=
ac_cv_env_host_alias_value=
ac_cv_env_target_alias_set=
ac_cv_env_target_alias_value=
ac_cv_f77_compiler_gnu=no
ac_cv_header_dlfcn_h=yes
ac_cv_header_inttypes_h=yes
ac_cv_header_limits_h=yes
ac_cv_header_memory_h=yes
ac_cv_header_stdbool_h=yes
ac_cv_header_stdc=yes
ac_cv_header_stdint_h=yes
ac_cv_header_stdlib_h=yes
ac_cv_header_string_h=yes
ac_cv_header_strings_h=yes
ac_cv_header_sys_stat_h=yes
ac_cv_header_sys_types_h=yes
ac_cv_header_syslog_h=yes
ac_cv_header_unistd_h=yes
ac_cv_host=x86_64-unknown-linux-gnu
ac_cv_lib_pthread_pthread_create=yes
ac_cv_objext=o
ac_cv_path_EGREP='/bin/grep -E'
ac_cv_path_GREP=/bin/grep
ac_cv_path_install='/usr/bin/install -c'
ac_cv_path_mkdir=/bin/mkdir
ac_cv_prog_AWK=gawk
ac_cv_prog_CPP='gcc -E'
ac_cv_prog_CXXCPP='g++ -E'
ac_cv_prog_ac_ct_AR=ar
ac_cv_prog_ac_ct_CC=gcc
ac_cv_prog_ac_ct_CXX=g++
ac_cv_prog_ac_ct_RANLIB=ranlib
ac_cv_prog_ac_ct_STRIP=strip
ac_cv_prog_cc_c89=
ac_cv_prog_cc_g=yes
ac_cv_prog_cxx_g=yes
ac_cv_prog_f77_g=no
ac_cv_prog_make_make_set=yes
ac_cv_type__Bool=yes
am_cv_CC_dependencies_compiler_type=gcc3
am_cv_CXX_dependencies_compiler_type=gcc3
lt_cv_deplibs_check_method=pass_all
lt_cv_file_magic_cmd='$MAGIC_CMD'
lt_cv_file_magic_test_file=
lt_cv_ld_reload_flag=-r
lt_cv_objdir=.libs
lt_cv_path_LD=/usr/bin/ld
lt_cv_path_LDCXX='/usr/bin/ld -m elf_x86_64'
lt_cv_path_NM='/usr/bin/nm -B'
lt_cv_path_SED=/bin/sed
lt_cv_prog_compiler_c_o=yes
lt_cv_prog_compiler_c_o_CXX=yes
lt_cv_prog_compiler_pic_works=yes
lt_cv_prog_compiler_pic_works_CXX=yes
lt_cv_prog_compiler_rtti_exceptions=no
lt_cv_prog_compiler_static_works=yes
lt_cv_prog_compiler_static_works_CXX=yes
lt_cv_prog_gnu_ld=yes
lt_cv_prog_gnu_ldcxx=yes
lt_cv_sys_global_symbol_pipe='sed -n -e '\''s/^.*[ 	]\([ABCDGIRSTW][ABCDGIRSTW]*\)[ 	][ 	]*\([_A-Za-z][_A-Za-z0-9]*\)$/\1 \2 \2/p'\'''
lt_cv_sys_global_symbol_to_c_name_address='sed -n -e '\''s/^: \([^ ]*\) $/  {\"\1\", (lt_ptr) 0},/p'\'' -e '\''s/^[BCDEGRST] \([^ ]*\) \([^ ]*\)$/  {"\2", (lt_ptr) \&\2},/p'\'''
lt_cv_sys_global_symbol_to_cdecl='sed -n -e '\''s/^. .* \(.*\)$/extern int \1;/p'\'''
lt_cv_sys_lib_dlsearch_path_spec='/lib /usr/lib /usr/lib/alsa-lib /usr/local/lib /lib/x86_64-linux-gnu /usr/lib/x86_64-linux-gnu '
lt_cv_sys_lib_search_path_spec='/usr/lib/gcc/x86_64-linux-gnu/4.4.1 /usr/lib /lib /usr/lib/x86_64-linux-gnu'
lt_cv_sys_max_cmd_len=1572864
lt_lt_cv_prog_compiler_c_o='"yes"'
lt_lt_cv_prog_compiler_c_o_CXX='"yes"'
lt_lt_cv_sys_global_symbol_pipe='"sed -n -e '\''s/^.*[ 	]\\([ABCDGIRSTW][ABCDGIRSTW]*\\)[ 	][ 	]*\\([_A-Za-z][_A-Za-z0-9]*\\)\$/\\1 \\2 \\2/p'\''"'
lt_lt_cv_sys_global_symbol_to_c_name_address='"sed -n -e '\''s/^: \\([^ ]*\\) \$/  {\\\"\\1\\\", (lt_ptr) 0},/p'\'' -e '\''s/^[BCDEGRST] \\([^ ]*\\) \\([^ ]*\\)\$/  {\"\\2\", (lt_ptr) \\&\\2},/p'\''"'
lt_lt_cv_sys_global_symbol_to_cdecl='"sed -n -e '\''s/^. .* \\(.*\\)\$/extern int \\1;/p'\''"'

## ----------------- ##
## Output variables. ##
## ----------------- ##

ACLOCAL='${SHELL} /home/bchisham/cdaotools/trunk/lib/CppLoggerV2/missing --run aclocal-1.10'
AMDEPBACKSLASH='\'
AMDEP_FALSE='#'
AMDEP_TRUE=''
AMTAR='${SHELL} /home/bchisham/cdaotools/trunk/lib/CppLoggerV2/missing --run tar'
AR='ar'
AUTOCONF='${SHELL} /home/bchisham/cdaotools/trunk/lib/CppLoggerV2/missing --run autoconf'
AUTOHEADER='${SHELL} /home/bchisham/cdaotools/trunk/lib/CppLoggerV2/missing --run autoheader'
AUTOMAKE='${SHELL} /home/bchisham/cdaotools/trunk/lib/CppLoggerV2/missing --run automake-1.10'
AWK='gawk'
CC='gcc'
CCDEPMODE='depmode=gcc3'
CFLAGS='-g -O2'
CPP='gcc -E'
CPPFLAGS=''
CXX='g++'
CXXCPP='g++ -E'
CXXDEPMODE='depmode=gcc3'
CXXFLAGS='-g -O2'
CYGPATH_W='echo'
DEFS='-DHAVE_CONFIG_H'
DEPDIR='.deps'
DSYMUTIL=''
ECHO='echo'
ECHO_C=''
ECHO_N='-n'
ECHO_T=''
EGREP='/bin/grep -E'
EXEEXT=''
F77=''
FFLAGS=''
GREP='/bin/grep'
INSTALL_DATA='${INSTALL} -m 644'
INSTALL_PROGRAM='${INSTALL}'
INSTALL_SCRIPT='${INSTALL}'
INSTALL_STRIP_PROGRAM='$(install_sh) -c -s'
LDFLAGS=''
LIBOBJS=''
LIBS='-lpthread '
LIBTOOL='$(SHELL) $(top_builddir)/libtool'
LIBTOOL_DEPS='./ltmain.sh'
LN_S='ln -s'
LTLIBOBJS=''
MAKEINFO='${SHELL} /home/bchisham/cdaotools/trunk/lib/CppLoggerV2/missing --run makeinfo'
MKDIR_P='/bin/mkdir -p'
NMEDIT=''
OBJEXT='o'
PACKAGE='CppLogger'
PACKAGE_BUGREPORT='bchisham@brandonchisham.com'
PACKAGE_NAME='CPP_LOG'
PACKAGE_STRING='CPP_LOG 1.0'
PACKAGE_TARNAME='cpp_log'
PACKAGE_URL=''
PACKAGE_VERSION='1.0'
PATH_SEPARATOR=':'
RANLIB='ranlib'
SED='/bin/sed'
SET_MAKE=''
SHELL='/bin/bash'
STRIP='strip'
VERSION='2.0'
ac_ct_CC='gcc'
ac_ct_CXX='g++'
ac_ct_F77=''
am__fastdepCC_FALSE='#'
am__fastdepCC_TRUE=''
am__fastdepCXX_FALSE='#'
am__fastdepCXX_TRUE=''
am__include='include'
am__isrc=''
am__leading_dot='.'
am__quote=''
am__tar='${AMTAR} chof - "$$tardir"'
am__untar='${AMTAR} xf -'
bindir='${exec_prefix}/bin'
build='x86_64-unknown-linux-gnu'
build_alias=''
build_cpu='x86_64'
build_os='linux-gnu'
build_vendor='unknown'
datadir='${datarootdir}'
datarootdir='${prefix}/share'
docdir='${datarootdir}/doc/${PACKAGE_TARNAME}'
dvidir='${docdir}'
exec_prefix='${prefix}'
host='x86_64-unknown-linux-gnu'
host_alias=''
host_cpu='x86_64'
host_os='linux-gnu'
host_vendor='unknown'
htmldir='${docdir}'
includedir='${prefix}/include'
infodir='${datarootdir}/info'
install_sh='$(SHELL) /home/bchisham/cdaotools/trunk/lib/CppLoggerV2/install-sh'
libdir='${exec_prefix}/lib'
libexecdir='${exec_prefix}/libexec'
localedir='${datarootdir}/locale'
localstatedir='${prefix}/var'
mandir='${datarootdir}/man'
mkdir_p='/bin/mkdir -p'
oldincludedir='/usr/include'
pdfdir='${docdir}'
prefix='/home/bchisham'
program_transform_name='s,x,x,'
psdir='${docdir}'
sbindir='${exec_prefix}/sbin'
sharedstatedir='${prefix}/com'
sysconfdir='${prefix}/etc'
target_alias=''

## ----------- ##
## confdefs.h. ##
## ----------- ##

/* confdefs.h */
#define PACKAGE_NAME "CPP_LOG"
#define PACKAGE_TARNAME "cpp_log"
#define PACKAGE_VERSION "1.0"
#define PACKAGE_STRING "CPP_LOG 1.0"
#define PACKAGE_BUGREPORT "bchisham@brandonchisham.com"
#define PACKAGE_URL ""
#define PACKAGE "CppLogger"
#define VERSION "2.0"
#define STDC_HEADERS 1
#define HAVE_SYS_TYPES_H 1
#define HAVE_SYS_STAT_H 1
#define HAVE_STDLIB_H 1
#define HAVE_STRING_H 1
#define HAVE_MEMORY_H 1
#define HAVE_STRINGS_H 1
#define HAVE_INTTYPES_H 1
#define HAVE_STDINT_H 1
#define HAVE_UNISTD_H 1
#define HAVE_DLFCN_H 1
#define HAVE_LIBPTHREAD 1
#define HAVE_LIMITS_H 1
#define HAVE_SYSLOG_H 1
#define HAVE__BOOL 1
#define HAVE_STDBOOL_H 1

configure: exit 0
